::1 - - [20/Jun/2020:11:36:43 +0000] "GET / HTTP/1.1" 200 - "-" "Mozilla/5.0 (Windows NT 10.0; Win64; x64) AppleWebKit/537.36 (KHTML, like Gecko) Chrome/83.0.4103.97 Safari/537.36"
::1 - - [20/Jun/2020:11:36:44 +0000] "GET /public/vendor/owl.carousel/assets/owl.theme.default.min.css HTTP/1.1" 200 1018 "http://localhost:3000/" "Mozilla/5.0 (Windows NT 10.0; Win64; x64) AppleWebKit/537.36 (KHTML, like Gecko) Chrome/83.0.4103.97 Safari/537.36"
::1 - - [20/Jun/2020:11:36:44 +0000] "GET /public/vendor/fontawesome-free/css/all.min.css HTTP/1.1" 200 - "http://localhost:3000/" "Mozilla/5.0 (Windows NT 10.0; Win64; x64) AppleWebKit/537.36 (KHTML, like Gecko) Chrome/83.0.4103.97 Safari/537.36"
::1 - - [20/Jun/2020:11:36:44 +0000] "GET /public/vendor/animate/animate.min.css HTTP/1.1" 200 - "http://localhost:3000/" "Mozilla/5.0 (Windows NT 10.0; Win64; x64) AppleWebKit/537.36 (KHTML, like Gecko) Chrome/83.0.4103.97 Safari/537.36"
::1 - - [20/Jun/2020:11:36:44 +0000] "GET /public/vendor/owl.carousel/assets/owl.carousel.min.css HTTP/1.1" 200 - "http://localhost:3000/" "Mozilla/5.0 (Windows NT 10.0; Win64; x64) AppleWebKit/537.36 (KHTML, like Gecko) Chrome/83.0.4103.97 Safari/537.36"
::1 - - [20/Jun/2020:11:36:44 +0000] "GET /public/vendor/simple-line-icons/css/simple-line-icons.min.css HTTP/1.1" 200 - "http://localhost:3000/" "Mozilla/5.0 (Windows NT 10.0; Win64; x64) AppleWebKit/537.36 (KHTML, like Gecko) Chrome/83.0.4103.97 Safari/537.36"
::1 - - [20/Jun/2020:11:36:44 +0000] "GET /public/vendor/bootstrap/css/bootstrap.min.css HTTP/1.1" 200 - "http://localhost:3000/" "Mozilla/5.0 (Windows NT 10.0; Win64; x64) AppleWebKit/537.36 (KHTML, like Gecko) Chrome/83.0.4103.97 Safari/537.36"
::1 - - [20/Jun/2020:11:36:44 +0000] "GET /public/vendor/magnific-popup/magnific-popup.min.css HTTP/1.1" 200 - "http://localhost:3000/" "Mozilla/5.0 (Windows NT 10.0; Win64; x64) AppleWebKit/537.36 (KHTML, like Gecko) Chrome/83.0.4103.97 Safari/537.36"
::1 - - [20/Jun/2020:11:36:44 +0000] "GET /public/css/theme-blog.css HTTP/1.1" 200 - "http://localhost:3000/" "Mozilla/5.0 (Windows NT 10.0; Win64; x64) AppleWebKit/537.36 (KHTML, like Gecko) Chrome/83.0.4103.97 Safari/537.36"
::1 - - [20/Jun/2020:11:36:44 +0000] "GET /public/css/theme.css HTTP/1.1" 200 - "http://localhost:3000/" "Mozilla/5.0 (Windows NT 10.0; Win64; x64) AppleWebKit/537.36 (KHTML, like Gecko) Chrome/83.0.4103.97 Safari/537.36"
::1 - - [20/Jun/2020:11:36:44 +0000] "GET /public/css/theme-shop.css HTTP/1.1" 200 - "http://localhost:3000/" "Mozilla/5.0 (Windows NT 10.0; Win64; x64) AppleWebKit/537.36 (KHTML, like Gecko) Chrome/83.0.4103.97 Safari/537.36"
::1 - - [20/Jun/2020:11:36:44 +0000] "GET /public/vendor/rs-plugin/css/settings.css HTTP/1.1" 200 - "http://localhost:3000/" "Mozilla/5.0 (Windows NT 10.0; Win64; x64) AppleWebKit/537.36 (KHTML, like Gecko) Chrome/83.0.4103.97 Safari/537.36"
::1 - - [20/Jun/2020:11:36:44 +0000] "GET /public/css/theme-elements.css HTTP/1.1" 200 - "http://localhost:3000/" "Mozilla/5.0 (Windows NT 10.0; Win64; x64) AppleWebKit/537.36 (KHTML, like Gecko) Chrome/83.0.4103.97 Safari/537.36"
::1 - - [20/Jun/2020:11:36:44 +0000] "GET /public/vendor/rs-plugin/css/layers.css HTTP/1.1" 200 - "http://localhost:3000/" "Mozilla/5.0 (Windows NT 10.0; Win64; x64) AppleWebKit/537.36 (KHTML, like Gecko) Chrome/83.0.4103.97 Safari/537.36"
::1 - - [20/Jun/2020:11:36:44 +0000] "GET /public/vendor/circle-flip-slideshow/css/component.css HTTP/1.1" 200 - "http://localhost:3000/" "Mozilla/5.0 (Windows NT 10.0; Win64; x64) AppleWebKit/537.36 (KHTML, like Gecko) Chrome/83.0.4103.97 Safari/537.36"
::1 - - [20/Jun/2020:11:36:44 +0000] "GET /public/css/custom.css HTTP/1.1" 200 44 "http://localhost:3000/" "Mozilla/5.0 (Windows NT 10.0; Win64; x64) AppleWebKit/537.36 (KHTML, like Gecko) Chrome/83.0.4103.97 Safari/537.36"
::1 - - [20/Jun/2020:11:36:44 +0000] "GET /public/vendor/rs-plugin/css/navigation.css HTTP/1.1" 200 - "http://localhost:3000/" "Mozilla/5.0 (Windows NT 10.0; Win64; x64) AppleWebKit/537.36 (KHTML, like Gecko) Chrome/83.0.4103.97 Safari/537.36"
::1 - - [20/Jun/2020:11:36:44 +0000] "GET /public/css/skins/default.css HTTP/1.1" 200 - "http://localhost:3000/" "Mozilla/5.0 (Windows NT 10.0; Win64; x64) AppleWebKit/537.36 (KHTML, like Gecko) Chrome/83.0.4103.97 Safari/537.36"
::1 - - [20/Jun/2020:11:36:44 +0000] "GET /public/vendor/modernizr/modernizr.min.js HTTP/1.1" 200 - "http://localhost:3000/" "Mozilla/5.0 (Windows NT 10.0; Win64; x64) AppleWebKit/537.36 (KHTML, like Gecko) Chrome/83.0.4103.97 Safari/537.36"
::1 - - [20/Jun/2020:11:36:44 +0000] "GET /public/vendor/jquery/jquery.min.js HTTP/1.1" 200 - "http://localhost:3000/" "Mozilla/5.0 (Windows NT 10.0; Win64; x64) AppleWebKit/537.36 (KHTML, like Gecko) Chrome/83.0.4103.97 Safari/537.36"
::1 - - [20/Jun/2020:11:36:44 +0000] "GET /public/vendor/jquery.appear/jquery.appear.min.js HTTP/1.1" 200 - "http://localhost:3000/" "Mozilla/5.0 (Windows NT 10.0; Win64; x64) AppleWebKit/537.36 (KHTML, like Gecko) Chrome/83.0.4103.97 Safari/537.36"
::1 - - [20/Jun/2020:11:36:44 +0000] "GET /public/vendor/jquery.easing/jquery.easing.min.js HTTP/1.1" 200 - "http://localhost:3000/" "Mozilla/5.0 (Windows NT 10.0; Win64; x64) AppleWebKit/537.36 (KHTML, like Gecko) Chrome/83.0.4103.97 Safari/537.36"
::1 - - [20/Jun/2020:11:36:44 +0000] "GET /public/vendor/jquery.cookie/jquery.cookie.min.js HTTP/1.1" 200 - "http://localhost:3000/" "Mozilla/5.0 (Windows NT 10.0; Win64; x64) AppleWebKit/537.36 (KHTML, like Gecko) Chrome/83.0.4103.97 Safari/537.36"
::1 - - [20/Jun/2020:11:36:44 +0000] "GET /public/vendor/popper/umd/popper.min.js HTTP/1.1" 200 - "http://localhost:3000/" "Mozilla/5.0 (Windows NT 10.0; Win64; x64) AppleWebKit/537.36 (KHTML, like Gecko) Chrome/83.0.4103.97 Safari/537.36"
::1 - - [20/Jun/2020:11:36:44 +0000] "GET /public/vendor/common/common.min.js HTTP/1.1" 200 - "http://localhost:3000/" "Mozilla/5.0 (Windows NT 10.0; Win64; x64) AppleWebKit/537.36 (KHTML, like Gecko) Chrome/83.0.4103.97 Safari/537.36"
::1 - - [20/Jun/2020:11:36:44 +0000] "GET /public/vendor/bootstrap/js/bootstrap.min.js HTTP/1.1" 200 - "http://localhost:3000/" "Mozilla/5.0 (Windows NT 10.0; Win64; x64) AppleWebKit/537.36 (KHTML, like Gecko) Chrome/83.0.4103.97 Safari/537.36"
::1 - - [20/Jun/2020:11:36:44 +0000] "GET /public/vendor/jquery.validation/jquery.validate.min.js HTTP/1.1" 200 - "http://localhost:3000/" "Mozilla/5.0 (Windows NT 10.0; Win64; x64) AppleWebKit/537.36 (KHTML, like Gecko) Chrome/83.0.4103.97 Safari/537.36"
::1 - - [20/Jun/2020:11:36:44 +0000] "GET /public/vendor/jquery.easy-pie-chart/jquery.easypiechart.min.js HTTP/1.1" 200 - "http://localhost:3000/" "Mozilla/5.0 (Windows NT 10.0; Win64; x64) AppleWebKit/537.36 (KHTML, like Gecko) Chrome/83.0.4103.97 Safari/537.36"
::1 - - [20/Jun/2020:11:36:44 +0000] "GET /public/vendor/jquery.gmap/jquery.gmap.min.js HTTP/1.1" 200 - "http://localhost:3000/" "Mozilla/5.0 (Windows NT 10.0; Win64; x64) AppleWebKit/537.36 (KHTML, like Gecko) Chrome/83.0.4103.97 Safari/537.36"
::1 - - [20/Jun/2020:11:36:44 +0000] "GET /public/vendor/jquery.lazyload/jquery.lazyload.min.js HTTP/1.1" 200 - "http://localhost:3000/" "Mozilla/5.0 (Windows NT 10.0; Win64; x64) AppleWebKit/537.36 (KHTML, like Gecko) Chrome/83.0.4103.97 Safari/537.36"
::1 - - [20/Jun/2020:11:36:44 +0000] "GET /public/vendor/magnific-popup/jquery.magnific-popup.min.js HTTP/1.1" 200 - "http://localhost:3000/" "Mozilla/5.0 (Windows NT 10.0; Win64; x64) AppleWebKit/537.36 (KHTML, like Gecko) Chrome/83.0.4103.97 Safari/537.36"
::1 - - [20/Jun/2020:11:36:44 +0000] "GET /public/vendor/vide/jquery.vide.min.js HTTP/1.1" 200 - "http://localhost:3000/" "Mozilla/5.0 (Windows NT 10.0; Win64; x64) AppleWebKit/537.36 (KHTML, like Gecko) Chrome/83.0.4103.97 Safari/537.36"
::1 - - [20/Jun/2020:11:36:44 +0000] "GET /public/vendor/isotope/jquery.isotope.min.js HTTP/1.1" 200 - "http://localhost:3000/" "Mozilla/5.0 (Windows NT 10.0; Win64; x64) AppleWebKit/537.36 (KHTML, like Gecko) Chrome/83.0.4103.97 Safari/537.36"
::1 - - [20/Jun/2020:11:36:44 +0000] "GET /public/vendor/owl.carousel/owl.carousel.min.js HTTP/1.1" 200 - "http://localhost:3000/" "Mozilla/5.0 (Windows NT 10.0; Win64; x64) AppleWebKit/537.36 (KHTML, like Gecko) Chrome/83.0.4103.97 Safari/537.36"
::1 - - [20/Jun/2020:11:36:44 +0000] "GET /public/vendor/vivus/vivus.min.js HTTP/1.1" 200 - "http://localhost:3000/" "Mozilla/5.0 (Windows NT 10.0; Win64; x64) AppleWebKit/537.36 (KHTML, like Gecko) Chrome/83.0.4103.97 Safari/537.36"
::1 - - [20/Jun/2020:11:36:44 +0000] "GET /public/js/views/view.home.js HTTP/1.1" 200 - "http://localhost:3000/" "Mozilla/5.0 (Windows NT 10.0; Win64; x64) AppleWebKit/537.36 (KHTML, like Gecko) Chrome/83.0.4103.97 Safari/537.36"
::1 - - [20/Jun/2020:11:36:44 +0000] "GET /public/vendor/circle-flip-slideshow/js/jquery.flipshow.min.js HTTP/1.1" 200 - "http://localhost:3000/" "Mozilla/5.0 (Windows NT 10.0; Win64; x64) AppleWebKit/537.36 (KHTML, like Gecko) Chrome/83.0.4103.97 Safari/537.36"
::1 - - [20/Jun/2020:11:36:44 +0000] "GET /public/js/theme.js HTTP/1.1" 200 - "http://localhost:3000/" "Mozilla/5.0 (Windows NT 10.0; Win64; x64) AppleWebKit/537.36 (KHTML, like Gecko) Chrome/83.0.4103.97 Safari/537.36"
::1 - - [20/Jun/2020:11:36:44 +0000] "GET /public/vendor/rs-plugin/js/jquery.themepunch.tools.min.js HTTP/1.1" 200 - "http://localhost:3000/" "Mozilla/5.0 (Windows NT 10.0; Win64; x64) AppleWebKit/537.36 (KHTML, like Gecko) Chrome/83.0.4103.97 Safari/537.36"
::1 - - [20/Jun/2020:11:36:44 +0000] "GET /public/vendor/rs-plugin/js/jquery.themepunch.revolution.min.js HTTP/1.1" 200 - "http://localhost:3000/" "Mozilla/5.0 (Windows NT 10.0; Win64; x64) AppleWebKit/537.36 (KHTML, like Gecko) Chrome/83.0.4103.97 Safari/537.36"
::1 - - [20/Jun/2020:11:36:44 +0000] "GET /public/js/custom.js HTTP/1.1" 200 - "http://localhost:3000/" "Mozilla/5.0 (Windows NT 10.0; Win64; x64) AppleWebKit/537.36 (KHTML, like Gecko) Chrome/83.0.4103.97 Safari/537.36"
::1 - - [20/Jun/2020:11:36:44 +0000] "GET /public/js/theme.init.js HTTP/1.1" 200 - "http://localhost:3000/" "Mozilla/5.0 (Windows NT 10.0; Win64; x64) AppleWebKit/537.36 (KHTML, like Gecko) Chrome/83.0.4103.97 Safari/537.36"
::1 - - [20/Jun/2020:11:36:44 +0000] "GET /public/img/home/slide4.jpg HTTP/1.1" 200 133316 "http://localhost:3000/" "Mozilla/5.0 (Windows NT 10.0; Win64; x64) AppleWebKit/537.36 (KHTML, like Gecko) Chrome/83.0.4103.97 Safari/537.36"
::1 - - [20/Jun/2020:11:36:44 +0000] "GET /public/img/home/slide5.webp HTTP/1.1" 200 58996 "http://localhost:3000/" "Mozilla/5.0 (Windows NT 10.0; Win64; x64) AppleWebKit/537.36 (KHTML, like Gecko) Chrome/83.0.4103.97 Safari/537.36"
::1 - - [20/Jun/2020:11:36:44 +0000] "GET /public/img/logo.png HTTP/1.1" 200 68794 "http://localhost:3000/" "Mozilla/5.0 (Windows NT 10.0; Win64; x64) AppleWebKit/537.36 (KHTML, like Gecko) Chrome/83.0.4103.97 Safari/537.36"
::1 - - [20/Jun/2020:11:36:44 +0000] "GET /public/img/home/slide7.jpg HTTP/1.1" 200 79728 "http://localhost:3000/" "Mozilla/5.0 (Windows NT 10.0; Win64; x64) AppleWebKit/537.36 (KHTML, like Gecko) Chrome/83.0.4103.97 Safari/537.36"
::1 - - [20/Jun/2020:11:36:44 +0000] "GET /public/img/home/slide8.jpg HTTP/1.1" 200 66401 "http://localhost:3000/" "Mozilla/5.0 (Windows NT 10.0; Win64; x64) AppleWebKit/537.36 (KHTML, like Gecko) Chrome/83.0.4103.97 Safari/537.36"
::1 - - [20/Jun/2020:11:36:44 +0000] "GET /public/img/home/gal1.webp HTTP/1.1" 200 58996 "http://localhost:3000/" "Mozilla/5.0 (Windows NT 10.0; Win64; x64) AppleWebKit/537.36 (KHTML, like Gecko) Chrome/83.0.4103.97 Safari/537.36"
::1 - - [20/Jun/2020:11:36:44 +0000] "GET /public/img/home/gal5.jpg HTTP/1.1" 200 123449 "http://localhost:3000/" "Mozilla/5.0 (Windows NT 10.0; Win64; x64) AppleWebKit/537.36 (KHTML, like Gecko) Chrome/83.0.4103.97 Safari/537.36"
::1 - - [20/Jun/2020:11:36:44 +0000] "GET /public/img/home/gal4.webp HTTP/1.1" 200 78702 "http://localhost:3000/" "Mozilla/5.0 (Windows NT 10.0; Win64; x64) AppleWebKit/537.36 (KHTML, like Gecko) Chrome/83.0.4103.97 Safari/537.36"
::1 - - [20/Jun/2020:11:36:44 +0000] "GET /public/img/home/gal2.webp HTTP/1.1" 200 78894 "http://localhost:3000/" "Mozilla/5.0 (Windows NT 10.0; Win64; x64) AppleWebKit/537.36 (KHTML, like Gecko) Chrome/83.0.4103.97 Safari/537.36"
::1 - - [20/Jun/2020:11:36:44 +0000] "GET /public/img/home/gal3.webp HTTP/1.1" 200 76160 "http://localhost:3000/" "Mozilla/5.0 (Windows NT 10.0; Win64; x64) AppleWebKit/537.36 (KHTML, like Gecko) Chrome/83.0.4103.97 Safari/537.36"
::1 - - [20/Jun/2020:11:36:44 +0000] "GET /public/img/other/campus.jpg HTTP/1.1" 200 33730 "http://localhost:3000/" "Mozilla/5.0 (Windows NT 10.0; Win64; x64) AppleWebKit/537.36 (KHTML, like Gecko) Chrome/83.0.4103.97 Safari/537.36"
::1 - - [20/Jun/2020:11:36:44 +0000] "GET /public/img/other/dare_skills.jpg HTTP/1.1" 200 83128 "http://localhost:3000/" "Mozilla/5.0 (Windows NT 10.0; Win64; x64) AppleWebKit/537.36 (KHTML, like Gecko) Chrome/83.0.4103.97 Safari/537.36"
::1 - - [20/Jun/2020:11:36:44 +0000] "GET /public/img/other/faculty.jpg HTTP/1.1" 200 18967 "http://localhost:3000/" "Mozilla/5.0 (Windows NT 10.0; Win64; x64) AppleWebKit/537.36 (KHTML, like Gecko) Chrome/83.0.4103.97 Safari/537.36"
::1 - - [20/Jun/2020:11:36:44 +0000] "GET /public/img/other/other_skills.jpg HTTP/1.1" 200 38039 "http://localhost:3000/" "Mozilla/5.0 (Windows NT 10.0; Win64; x64) AppleWebKit/537.36 (KHTML, like Gecko) Chrome/83.0.4103.97 Safari/537.36"
::1 - - [20/Jun/2020:11:36:44 +0000] "GET /public/img/other/pedelogy.jpg HTTP/1.1" 200 43510 "http://localhost:3000/" "Mozilla/5.0 (Windows NT 10.0; Win64; x64) AppleWebKit/537.36 (KHTML, like Gecko) Chrome/83.0.4103.97 Safari/537.36"
::1 - - [20/Jun/2020:11:36:44 +0000] "GET /public/img/other/it_skills.jpg HTTP/1.1" 200 21270 "http://localhost:3000/" "Mozilla/5.0 (Windows NT 10.0; Win64; x64) AppleWebKit/537.36 (KHTML, like Gecko) Chrome/83.0.4103.97 Safari/537.36"
::1 - - [20/Jun/2020:11:36:44 +0000] "GET /public/img/other/soft_skills.jpg HTTP/1.1" 200 19416 "http://localhost:3000/" "Mozilla/5.0 (Windows NT 10.0; Win64; x64) AppleWebKit/537.36 (KHTML, like Gecko) Chrome/83.0.4103.97 Safari/537.36"
::1 - - [20/Jun/2020:11:36:45 +0000] "GET /public/vendor/fontawesome-free/webfonts/fa-regular-400.woff2 HTTP/1.1" 200 13584 "http://localhost:3000/public/vendor/fontawesome-free/css/all.min.css" "Mozilla/5.0 (Windows NT 10.0; Win64; x64) AppleWebKit/537.36 (KHTML, like Gecko) Chrome/83.0.4103.97 Safari/537.36"
::1 - - [20/Jun/2020:11:36:45 +0000] "GET /public/vendor/fontawesome-free/webfonts/fa-solid-900.woff2 HTTP/1.1" 200 75728 "http://localhost:3000/public/vendor/fontawesome-free/css/all.min.css" "Mozilla/5.0 (Windows NT 10.0; Win64; x64) AppleWebKit/537.36 (KHTML, like Gecko) Chrome/83.0.4103.97 Safari/537.36"
::1 - - [20/Jun/2020:11:36:45 +0000] "GET /public/vendor/fontawesome-free/webfonts/fa-brands-400.woff2 HTTP/1.1" 200 75336 "http://localhost:3000/public/vendor/fontawesome-free/css/all.min.css" "Mozilla/5.0 (Windows NT 10.0; Win64; x64) AppleWebKit/537.36 (KHTML, like Gecko) Chrome/83.0.4103.97 Safari/537.36"
::1 - - [20/Jun/2020:11:36:46 +0000] "GET /public/vendor/rs-plugin/fonts/revicons/revicons.woff?5510888 HTTP/1.1" 200 7536 "http://localhost:3000/public/vendor/rs-plugin/css/settings.css" "Mozilla/5.0 (Windows NT 10.0; Win64; x64) AppleWebKit/537.36 (KHTML, like Gecko) Chrome/83.0.4103.97 Safari/537.36"
::1 - - [20/Jun/2020:11:37:02 +0000] "GET /our_programs HTTP/1.1" 200 - "http://localhost:3000/" "Mozilla/5.0 (Windows NT 10.0; Win64; x64) AppleWebKit/537.36 (KHTML, like Gecko) Chrome/83.0.4103.97 Safari/537.36"
::1 - - [20/Jun/2020:11:37:02 +0000] "GET /public/vendor/bootstrap/css/bootstrap.min.css HTTP/1.1" 304 - "http://localhost:3000/our_programs" "Mozilla/5.0 (Windows NT 10.0; Win64; x64) AppleWebKit/537.36 (KHTML, like Gecko) Chrome/83.0.4103.97 Safari/537.36"
::1 - - [20/Jun/2020:11:37:02 +0000] "GET /public/vendor/fontawesome-free/css/all.min.css HTTP/1.1" 304 - "http://localhost:3000/our_programs" "Mozilla/5.0 (Windows NT 10.0; Win64; x64) AppleWebKit/537.36 (KHTML, like Gecko) Chrome/83.0.4103.97 Safari/537.36"
::1 - - [20/Jun/2020:11:37:02 +0000] "GET /public/vendor/animate/animate.min.css HTTP/1.1" 304 - "http://localhost:3000/our_programs" "Mozilla/5.0 (Windows NT 10.0; Win64; x64) AppleWebKit/537.36 (KHTML, like Gecko) Chrome/83.0.4103.97 Safari/537.36"
::1 - - [20/Jun/2020:11:37:02 +0000] "GET /public/vendor/simple-line-icons/css/simple-line-icons.min.css HTTP/1.1" 304 - "http://localhost:3000/our_programs" "Mozilla/5.0 (Windows NT 10.0; Win64; x64) AppleWebKit/537.36 (KHTML, like Gecko) Chrome/83.0.4103.97 Safari/537.36"
::1 - - [20/Jun/2020:11:37:02 +0000] "GET /public/vendor/owl.carousel/assets/owl.carousel.min.css HTTP/1.1" 304 - "http://localhost:3000/our_programs" "Mozilla/5.0 (Windows NT 10.0; Win64; x64) AppleWebKit/537.36 (KHTML, like Gecko) Chrome/83.0.4103.97 Safari/537.36"
::1 - - [20/Jun/2020:11:37:02 +0000] "GET /public/vendor/owl.carousel/assets/owl.theme.default.min.css HTTP/1.1" 304 - "http://localhost:3000/our_programs" "Mozilla/5.0 (Windows NT 10.0; Win64; x64) AppleWebKit/537.36 (KHTML, like Gecko) Chrome/83.0.4103.97 Safari/537.36"
::1 - - [20/Jun/2020:11:37:02 +0000] "GET /public/vendor/magnific-popup/magnific-popup.min.css HTTP/1.1" 304 - "http://localhost:3000/our_programs" "Mozilla/5.0 (Windows NT 10.0; Win64; x64) AppleWebKit/537.36 (KHTML, like Gecko) Chrome/83.0.4103.97 Safari/537.36"
::1 - - [20/Jun/2020:11:37:02 +0000] "GET /public/css/theme.css HTTP/1.1" 304 - "http://localhost:3000/our_programs" "Mozilla/5.0 (Windows NT 10.0; Win64; x64) AppleWebKit/537.36 (KHTML, like Gecko) Chrome/83.0.4103.97 Safari/537.36"
::1 - - [20/Jun/2020:11:37:02 +0000] "GET /public/css/theme-elements.css HTTP/1.1" 304 - "http://localhost:3000/our_programs" "Mozilla/5.0 (Windows NT 10.0; Win64; x64) AppleWebKit/537.36 (KHTML, like Gecko) Chrome/83.0.4103.97 Safari/537.36"
::1 - - [20/Jun/2020:11:37:02 +0000] "GET /public/css/theme-blog.css HTTP/1.1" 304 - "http://localhost:3000/our_programs" "Mozilla/5.0 (Windows NT 10.0; Win64; x64) AppleWebKit/537.36 (KHTML, like Gecko) Chrome/83.0.4103.97 Safari/537.36"
::1 - - [20/Jun/2020:11:37:02 +0000] "GET /public/css/theme-shop.css HTTP/1.1" 304 - "http://localhost:3000/our_programs" "Mozilla/5.0 (Windows NT 10.0; Win64; x64) AppleWebKit/537.36 (KHTML, like Gecko) Chrome/83.0.4103.97 Safari/537.36"
::1 - - [20/Jun/2020:11:37:02 +0000] "GET /public/vendor/rs-plugin/css/settings.css HTTP/1.1" 304 - "http://localhost:3000/our_programs" "Mozilla/5.0 (Windows NT 10.0; Win64; x64) AppleWebKit/537.36 (KHTML, like Gecko) Chrome/83.0.4103.97 Safari/537.36"
::1 - - [20/Jun/2020:11:37:02 +0000] "GET /public/vendor/rs-plugin/css/layers.css HTTP/1.1" 304 - "http://localhost:3000/our_programs" "Mozilla/5.0 (Windows NT 10.0; Win64; x64) AppleWebKit/537.36 (KHTML, like Gecko) Chrome/83.0.4103.97 Safari/537.36"
::1 - - [20/Jun/2020:11:37:02 +0000] "GET /public/vendor/rs-plugin/css/navigation.css HTTP/1.1" 304 - "http://localhost:3000/our_programs" "Mozilla/5.0 (Windows NT 10.0; Win64; x64) AppleWebKit/537.36 (KHTML, like Gecko) Chrome/83.0.4103.97 Safari/537.36"
::1 - - [20/Jun/2020:11:37:02 +0000] "GET /public/vendor/circle-flip-slideshow/css/component.css HTTP/1.1" 304 - "http://localhost:3000/our_programs" "Mozilla/5.0 (Windows NT 10.0; Win64; x64) AppleWebKit/537.36 (KHTML, like Gecko) Chrome/83.0.4103.97 Safari/537.36"
::1 - - [20/Jun/2020:11:37:02 +0000] "GET /public/css/skins/default.css HTTP/1.1" 304 - "http://localhost:3000/our_programs" "Mozilla/5.0 (Windows NT 10.0; Win64; x64) AppleWebKit/537.36 (KHTML, like Gecko) Chrome/83.0.4103.97 Safari/537.36"
::1 - - [20/Jun/2020:11:37:02 +0000] "GET /public/css/custom.css HTTP/1.1" 304 - "http://localhost:3000/our_programs" "Mozilla/5.0 (Windows NT 10.0; Win64; x64) AppleWebKit/537.36 (KHTML, like Gecko) Chrome/83.0.4103.97 Safari/537.36"
::1 - - [20/Jun/2020:11:37:02 +0000] "GET /public/vendor/modernizr/modernizr.min.js HTTP/1.1" 304 - "http://localhost:3000/our_programs" "Mozilla/5.0 (Windows NT 10.0; Win64; x64) AppleWebKit/537.36 (KHTML, like Gecko) Chrome/83.0.4103.97 Safari/537.36"
::1 - - [20/Jun/2020:11:37:02 +0000] "GET /public/vendor/jquery/jquery.min.js HTTP/1.1" 304 - "http://localhost:3000/our_programs" "Mozilla/5.0 (Windows NT 10.0; Win64; x64) AppleWebKit/537.36 (KHTML, like Gecko) Chrome/83.0.4103.97 Safari/537.36"
::1 - - [20/Jun/2020:11:37:02 +0000] "GET /public/vendor/jquery.appear/jquery.appear.min.js HTTP/1.1" 304 - "http://localhost:3000/our_programs" "Mozilla/5.0 (Windows NT 10.0; Win64; x64) AppleWebKit/537.36 (KHTML, like Gecko) Chrome/83.0.4103.97 Safari/537.36"
::1 - - [20/Jun/2020:11:37:02 +0000] "GET /public/vendor/jquery.easing/jquery.easing.min.js HTTP/1.1" 304 - "http://localhost:3000/our_programs" "Mozilla/5.0 (Windows NT 10.0; Win64; x64) AppleWebKit/537.36 (KHTML, like Gecko) Chrome/83.0.4103.97 Safari/537.36"
::1 - - [20/Jun/2020:11:37:02 +0000] "GET /public/vendor/jquery.cookie/jquery.cookie.min.js HTTP/1.1" 304 - "http://localhost:3000/our_programs" "Mozilla/5.0 (Windows NT 10.0; Win64; x64) AppleWebKit/537.36 (KHTML, like Gecko) Chrome/83.0.4103.97 Safari/537.36"
::1 - - [20/Jun/2020:11:37:02 +0000] "GET /public/vendor/popper/umd/popper.min.js HTTP/1.1" 304 - "http://localhost:3000/our_programs" "Mozilla/5.0 (Windows NT 10.0; Win64; x64) AppleWebKit/537.36 (KHTML, like Gecko) Chrome/83.0.4103.97 Safari/537.36"
::1 - - [20/Jun/2020:11:37:02 +0000] "GET /public/vendor/bootstrap/js/bootstrap.min.js HTTP/1.1" 304 - "http://localhost:3000/our_programs" "Mozilla/5.0 (Windows NT 10.0; Win64; x64) AppleWebKit/537.36 (KHTML, like Gecko) Chrome/83.0.4103.97 Safari/537.36"
::1 - - [20/Jun/2020:11:37:02 +0000] "GET /public/vendor/common/common.min.js HTTP/1.1" 304 - "http://localhost:3000/our_programs" "Mozilla/5.0 (Windows NT 10.0; Win64; x64) AppleWebKit/537.36 (KHTML, like Gecko) Chrome/83.0.4103.97 Safari/537.36"
::1 - - [20/Jun/2020:11:37:02 +0000] "GET /public/vendor/jquery.validation/jquery.validate.min.js HTTP/1.1" 304 - "http://localhost:3000/our_programs" "Mozilla/5.0 (Windows NT 10.0; Win64; x64) AppleWebKit/537.36 (KHTML, like Gecko) Chrome/83.0.4103.97 Safari/537.36"
::1 - - [20/Jun/2020:11:37:02 +0000] "GET /public/vendor/jquery.easy-pie-chart/jquery.easypiechart.min.js HTTP/1.1" 304 - "http://localhost:3000/our_programs" "Mozilla/5.0 (Windows NT 10.0; Win64; x64) AppleWebKit/537.36 (KHTML, like Gecko) Chrome/83.0.4103.97 Safari/537.36"
::1 - - [20/Jun/2020:11:37:02 +0000] "GET /public/vendor/jquery.gmap/jquery.gmap.min.js HTTP/1.1" 304 - "http://localhost:3000/our_programs" "Mozilla/5.0 (Windows NT 10.0; Win64; x64) AppleWebKit/537.36 (KHTML, like Gecko) Chrome/83.0.4103.97 Safari/537.36"
::1 - - [20/Jun/2020:11:37:02 +0000] "GET /public/vendor/jquery.lazyload/jquery.lazyload.min.js HTTP/1.1" 304 - "http://localhost:3000/our_programs" "Mozilla/5.0 (Windows NT 10.0; Win64; x64) AppleWebKit/537.36 (KHTML, like Gecko) Chrome/83.0.4103.97 Safari/537.36"
::1 - - [20/Jun/2020:11:37:02 +0000] "GET /public/vendor/isotope/jquery.isotope.min.js HTTP/1.1" 304 - "http://localhost:3000/our_programs" "Mozilla/5.0 (Windows NT 10.0; Win64; x64) AppleWebKit/537.36 (KHTML, like Gecko) Chrome/83.0.4103.97 Safari/537.36"
::1 - - [20/Jun/2020:11:37:02 +0000] "GET /public/vendor/owl.carousel/owl.carousel.min.js HTTP/1.1" 304 - "http://localhost:3000/our_programs" "Mozilla/5.0 (Windows NT 10.0; Win64; x64) AppleWebKit/537.36 (KHTML, like Gecko) Chrome/83.0.4103.97 Safari/537.36"
::1 - - [20/Jun/2020:11:37:02 +0000] "GET /public/vendor/magnific-popup/jquery.magnific-popup.min.js HTTP/1.1" 304 - "http://localhost:3000/our_programs" "Mozilla/5.0 (Windows NT 10.0; Win64; x64) AppleWebKit/537.36 (KHTML, like Gecko) Chrome/83.0.4103.97 Safari/537.36"
::1 - - [20/Jun/2020:11:37:02 +0000] "GET /public/vendor/vide/jquery.vide.min.js HTTP/1.1" 304 - "http://localhost:3000/our_programs" "Mozilla/5.0 (Windows NT 10.0; Win64; x64) AppleWebKit/537.36 (KHTML, like Gecko) Chrome/83.0.4103.97 Safari/537.36"
::1 - - [20/Jun/2020:11:37:02 +0000] "GET /public/vendor/vivus/vivus.min.js HTTP/1.1" 304 - "http://localhost:3000/our_programs" "Mozilla/5.0 (Windows NT 10.0; Win64; x64) AppleWebKit/537.36 (KHTML, like Gecko) Chrome/83.0.4103.97 Safari/537.36"
::1 - - [20/Jun/2020:11:37:02 +0000] "GET /public/js/theme.js HTTP/1.1" 304 - "http://localhost:3000/our_programs" "Mozilla/5.0 (Windows NT 10.0; Win64; x64) AppleWebKit/537.36 (KHTML, like Gecko) Chrome/83.0.4103.97 Safari/537.36"
::1 - - [20/Jun/2020:11:37:02 +0000] "GET /public/vendor/rs-plugin/js/jquery.themepunch.tools.min.js HTTP/1.1" 304 - "http://localhost:3000/our_programs" "Mozilla/5.0 (Windows NT 10.0; Win64; x64) AppleWebKit/537.36 (KHTML, like Gecko) Chrome/83.0.4103.97 Safari/537.36"
::1 - - [20/Jun/2020:11:37:02 +0000] "GET /public/vendor/rs-plugin/js/jquery.themepunch.revolution.min.js HTTP/1.1" 304 - "http://localhost:3000/our_programs" "Mozilla/5.0 (Windows NT 10.0; Win64; x64) AppleWebKit/537.36 (KHTML, like Gecko) Chrome/83.0.4103.97 Safari/537.36"
::1 - - [20/Jun/2020:11:37:02 +0000] "GET /public/vendor/circle-flip-slideshow/js/jquery.flipshow.min.js HTTP/1.1" 304 - "http://localhost:3000/our_programs" "Mozilla/5.0 (Windows NT 10.0; Win64; x64) AppleWebKit/537.36 (KHTML, like Gecko) Chrome/83.0.4103.97 Safari/537.36"
::1 - - [20/Jun/2020:11:37:02 +0000] "GET /public/js/views/view.home.js HTTP/1.1" 304 - "http://localhost:3000/our_programs" "Mozilla/5.0 (Windows NT 10.0; Win64; x64) AppleWebKit/537.36 (KHTML, like Gecko) Chrome/83.0.4103.97 Safari/537.36"
::1 - - [20/Jun/2020:11:37:02 +0000] "GET /public/js/custom.js HTTP/1.1" 304 - "http://localhost:3000/our_programs" "Mozilla/5.0 (Windows NT 10.0; Win64; x64) AppleWebKit/537.36 (KHTML, like Gecko) Chrome/83.0.4103.97 Safari/537.36"
::1 - - [20/Jun/2020:11:37:02 +0000] "GET /public/js/theme.init.js HTTP/1.1" 304 - "http://localhost:3000/our_programs" "Mozilla/5.0 (Windows NT 10.0; Win64; x64) AppleWebKit/537.36 (KHTML, like Gecko) Chrome/83.0.4103.97 Safari/537.36"
::1 - - [20/Jun/2020:11:37:02 +0000] "GET /public/img/logo.png HTTP/1.1" 304 - "http://localhost:3000/our_programs" "Mozilla/5.0 (Windows NT 10.0; Win64; x64) AppleWebKit/537.36 (KHTML, like Gecko) Chrome/83.0.4103.97 Safari/537.36"
::1 - - [20/Jun/2020:11:37:02 +0000] "GET /public/img/background/program.jpg HTTP/1.1" 200 89346 "http://localhost:3000/our_programs" "Mozilla/5.0 (Windows NT 10.0; Win64; x64) AppleWebKit/537.36 (KHTML, like Gecko) Chrome/83.0.4103.97 Safari/537.36"
::1 - - [20/Jun/2020:11:37:02 +0000] "GET /public/vendor/fontawesome-free/webfonts/fa-solid-900.woff2 HTTP/1.1" 304 - "http://localhost:3000/public/vendor/fontawesome-free/css/all.min.css" "Mozilla/5.0 (Windows NT 10.0; Win64; x64) AppleWebKit/537.36 (KHTML, like Gecko) Chrome/83.0.4103.97 Safari/537.36"
::1 - - [20/Jun/2020:11:37:02 +0000] "GET /public/vendor/fontawesome-free/webfonts/fa-brands-400.woff2 HTTP/1.1" 304 - "http://localhost:3000/public/vendor/fontawesome-free/css/all.min.css" "Mozilla/5.0 (Windows NT 10.0; Win64; x64) AppleWebKit/537.36 (KHTML, like Gecko) Chrome/83.0.4103.97 Safari/537.36"
::1 - - [20/Jun/2020:11:38:20 +0000] "GET /our_programs HTTP/1.1" 304 - "http://localhost:3000/" "Mozilla/5.0 (Windows NT 10.0; Win64; x64) AppleWebKit/537.36 (KHTML, like Gecko) Chrome/83.0.4103.97 Safari/537.36"
::1 - - [20/Jun/2020:11:38:20 +0000] "GET /public/vendor/fontawesome-free/css/all.min.css HTTP/1.1" 304 - "http://localhost:3000/our_programs" "Mozilla/5.0 (Windows NT 10.0; Win64; x64) AppleWebKit/537.36 (KHTML, like Gecko) Chrome/83.0.4103.97 Safari/537.36"
::1 - - [20/Jun/2020:11:38:20 +0000] "GET /public/vendor/bootstrap/css/bootstrap.min.css HTTP/1.1" 304 - "http://localhost:3000/our_programs" "Mozilla/5.0 (Windows NT 10.0; Win64; x64) AppleWebKit/537.36 (KHTML, like Gecko) Chrome/83.0.4103.97 Safari/537.36"
::1 - - [20/Jun/2020:11:38:20 +0000] "GET /public/vendor/animate/animate.min.css HTTP/1.1" 304 - "http://localhost:3000/our_programs" "Mozilla/5.0 (Windows NT 10.0; Win64; x64) AppleWebKit/537.36 (KHTML, like Gecko) Chrome/83.0.4103.97 Safari/537.36"
::1 - - [20/Jun/2020:11:38:20 +0000] "GET /public/vendor/simple-line-icons/css/simple-line-icons.min.css HTTP/1.1" 304 - "http://localhost:3000/our_programs" "Mozilla/5.0 (Windows NT 10.0; Win64; x64) AppleWebKit/537.36 (KHTML, like Gecko) Chrome/83.0.4103.97 Safari/537.36"
::1 - - [20/Jun/2020:11:38:20 +0000] "GET /public/vendor/owl.carousel/assets/owl.carousel.min.css HTTP/1.1" 304 - "http://localhost:3000/our_programs" "Mozilla/5.0 (Windows NT 10.0; Win64; x64) AppleWebKit/537.36 (KHTML, like Gecko) Chrome/83.0.4103.97 Safari/537.36"
::1 - - [20/Jun/2020:11:38:20 +0000] "GET /public/vendor/owl.carousel/assets/owl.theme.default.min.css HTTP/1.1" 304 - "http://localhost:3000/our_programs" "Mozilla/5.0 (Windows NT 10.0; Win64; x64) AppleWebKit/537.36 (KHTML, like Gecko) Chrome/83.0.4103.97 Safari/537.36"
::1 - - [20/Jun/2020:11:38:20 +0000] "GET /public/vendor/magnific-popup/magnific-popup.min.css HTTP/1.1" 304 - "http://localhost:3000/our_programs" "Mozilla/5.0 (Windows NT 10.0; Win64; x64) AppleWebKit/537.36 (KHTML, like Gecko) Chrome/83.0.4103.97 Safari/537.36"
::1 - - [20/Jun/2020:11:38:20 +0000] "GET /public/css/theme.css HTTP/1.1" 304 - "http://localhost:3000/our_programs" "Mozilla/5.0 (Windows NT 10.0; Win64; x64) AppleWebKit/537.36 (KHTML, like Gecko) Chrome/83.0.4103.97 Safari/537.36"
::1 - - [20/Jun/2020:11:38:20 +0000] "GET /public/css/theme-elements.css HTTP/1.1" 304 - "http://localhost:3000/our_programs" "Mozilla/5.0 (Windows NT 10.0; Win64; x64) AppleWebKit/537.36 (KHTML, like Gecko) Chrome/83.0.4103.97 Safari/537.36"
::1 - - [20/Jun/2020:11:38:20 +0000] "GET /public/css/theme-blog.css HTTP/1.1" 304 - "http://localhost:3000/our_programs" "Mozilla/5.0 (Windows NT 10.0; Win64; x64) AppleWebKit/537.36 (KHTML, like Gecko) Chrome/83.0.4103.97 Safari/537.36"
::1 - - [20/Jun/2020:11:38:20 +0000] "GET /public/css/theme-shop.css HTTP/1.1" 304 - "http://localhost:3000/our_programs" "Mozilla/5.0 (Windows NT 10.0; Win64; x64) AppleWebKit/537.36 (KHTML, like Gecko) Chrome/83.0.4103.97 Safari/537.36"
::1 - - [20/Jun/2020:11:38:20 +0000] "GET /public/vendor/rs-plugin/css/settings.css HTTP/1.1" 304 - "http://localhost:3000/our_programs" "Mozilla/5.0 (Windows NT 10.0; Win64; x64) AppleWebKit/537.36 (KHTML, like Gecko) Chrome/83.0.4103.97 Safari/537.36"
::1 - - [20/Jun/2020:11:38:20 +0000] "GET /public/vendor/rs-plugin/css/layers.css HTTP/1.1" 304 - "http://localhost:3000/our_programs" "Mozilla/5.0 (Windows NT 10.0; Win64; x64) AppleWebKit/537.36 (KHTML, like Gecko) Chrome/83.0.4103.97 Safari/537.36"
::1 - - [20/Jun/2020:11:38:20 +0000] "GET /public/vendor/rs-plugin/css/navigation.css HTTP/1.1" 304 - "http://localhost:3000/our_programs" "Mozilla/5.0 (Windows NT 10.0; Win64; x64) AppleWebKit/537.36 (KHTML, like Gecko) Chrome/83.0.4103.97 Safari/537.36"
::1 - - [20/Jun/2020:11:38:20 +0000] "GET /public/vendor/circle-flip-slideshow/css/component.css HTTP/1.1" 304 - "http://localhost:3000/our_programs" "Mozilla/5.0 (Windows NT 10.0; Win64; x64) AppleWebKit/537.36 (KHTML, like Gecko) Chrome/83.0.4103.97 Safari/537.36"
::1 - - [20/Jun/2020:11:38:20 +0000] "GET /public/css/skins/default.css HTTP/1.1" 304 - "http://localhost:3000/our_programs" "Mozilla/5.0 (Windows NT 10.0; Win64; x64) AppleWebKit/537.36 (KHTML, like Gecko) Chrome/83.0.4103.97 Safari/537.36"
::1 - - [20/Jun/2020:11:38:20 +0000] "GET /public/css/custom.css HTTP/1.1" 304 - "http://localhost:3000/our_programs" "Mozilla/5.0 (Windows NT 10.0; Win64; x64) AppleWebKit/537.36 (KHTML, like Gecko) Chrome/83.0.4103.97 Safari/537.36"
::1 - - [20/Jun/2020:11:38:20 +0000] "GET /public/vendor/modernizr/modernizr.min.js HTTP/1.1" 304 - "http://localhost:3000/our_programs" "Mozilla/5.0 (Windows NT 10.0; Win64; x64) AppleWebKit/537.36 (KHTML, like Gecko) Chrome/83.0.4103.97 Safari/537.36"
::1 - - [20/Jun/2020:11:38:20 +0000] "GET /public/vendor/jquery/jquery.min.js HTTP/1.1" 304 - "http://localhost:3000/our_programs" "Mozilla/5.0 (Windows NT 10.0; Win64; x64) AppleWebKit/537.36 (KHTML, like Gecko) Chrome/83.0.4103.97 Safari/537.36"
::1 - - [20/Jun/2020:11:38:20 +0000] "GET /public/vendor/jquery.appear/jquery.appear.min.js HTTP/1.1" 304 - "http://localhost:3000/our_programs" "Mozilla/5.0 (Windows NT 10.0; Win64; x64) AppleWebKit/537.36 (KHTML, like Gecko) Chrome/83.0.4103.97 Safari/537.36"
::1 - - [20/Jun/2020:11:38:20 +0000] "GET /public/vendor/jquery.easing/jquery.easing.min.js HTTP/1.1" 304 - "http://localhost:3000/our_programs" "Mozilla/5.0 (Windows NT 10.0; Win64; x64) AppleWebKit/537.36 (KHTML, like Gecko) Chrome/83.0.4103.97 Safari/537.36"
::1 - - [20/Jun/2020:11:38:20 +0000] "GET /public/vendor/jquery.cookie/jquery.cookie.min.js HTTP/1.1" 304 - "http://localhost:3000/our_programs" "Mozilla/5.0 (Windows NT 10.0; Win64; x64) AppleWebKit/537.36 (KHTML, like Gecko) Chrome/83.0.4103.97 Safari/537.36"
::1 - - [20/Jun/2020:11:38:20 +0000] "GET /public/vendor/popper/umd/popper.min.js HTTP/1.1" 304 - "http://localhost:3000/our_programs" "Mozilla/5.0 (Windows NT 10.0; Win64; x64) AppleWebKit/537.36 (KHTML, like Gecko) Chrome/83.0.4103.97 Safari/537.36"
::1 - - [20/Jun/2020:11:38:20 +0000] "GET /public/vendor/bootstrap/js/bootstrap.min.js HTTP/1.1" 304 - "http://localhost:3000/our_programs" "Mozilla/5.0 (Windows NT 10.0; Win64; x64) AppleWebKit/537.36 (KHTML, like Gecko) Chrome/83.0.4103.97 Safari/537.36"
::1 - - [20/Jun/2020:11:38:20 +0000] "GET /public/vendor/common/common.min.js HTTP/1.1" 304 - "http://localhost:3000/our_programs" "Mozilla/5.0 (Windows NT 10.0; Win64; x64) AppleWebKit/537.36 (KHTML, like Gecko) Chrome/83.0.4103.97 Safari/537.36"
::1 - - [20/Jun/2020:11:38:20 +0000] "GET /public/vendor/jquery.validation/jquery.validate.min.js HTTP/1.1" 304 - "http://localhost:3000/our_programs" "Mozilla/5.0 (Windows NT 10.0; Win64; x64) AppleWebKit/537.36 (KHTML, like Gecko) Chrome/83.0.4103.97 Safari/537.36"
::1 - - [20/Jun/2020:11:38:20 +0000] "GET /public/vendor/jquery.easy-pie-chart/jquery.easypiechart.min.js HTTP/1.1" 304 - "http://localhost:3000/our_programs" "Mozilla/5.0 (Windows NT 10.0; Win64; x64) AppleWebKit/537.36 (KHTML, like Gecko) Chrome/83.0.4103.97 Safari/537.36"
::1 - - [20/Jun/2020:11:38:20 +0000] "GET /public/vendor/jquery.gmap/jquery.gmap.min.js HTTP/1.1" 304 - "http://localhost:3000/our_programs" "Mozilla/5.0 (Windows NT 10.0; Win64; x64) AppleWebKit/537.36 (KHTML, like Gecko) Chrome/83.0.4103.97 Safari/537.36"
::1 - - [20/Jun/2020:11:38:20 +0000] "GET /public/vendor/jquery.lazyload/jquery.lazyload.min.js HTTP/1.1" 304 - "http://localhost:3000/our_programs" "Mozilla/5.0 (Windows NT 10.0; Win64; x64) AppleWebKit/537.36 (KHTML, like Gecko) Chrome/83.0.4103.97 Safari/537.36"
::1 - - [20/Jun/2020:11:38:20 +0000] "GET /public/vendor/isotope/jquery.isotope.min.js HTTP/1.1" 304 - "http://localhost:3000/our_programs" "Mozilla/5.0 (Windows NT 10.0; Win64; x64) AppleWebKit/537.36 (KHTML, like Gecko) Chrome/83.0.4103.97 Safari/537.36"
::1 - - [20/Jun/2020:11:38:20 +0000] "GET /public/vendor/vide/jquery.vide.min.js HTTP/1.1" 304 - "http://localhost:3000/our_programs" "Mozilla/5.0 (Windows NT 10.0; Win64; x64) AppleWebKit/537.36 (KHTML, like Gecko) Chrome/83.0.4103.97 Safari/537.36"
::1 - - [20/Jun/2020:11:38:20 +0000] "GET /public/vendor/owl.carousel/owl.carousel.min.js HTTP/1.1" 304 - "http://localhost:3000/our_programs" "Mozilla/5.0 (Windows NT 10.0; Win64; x64) AppleWebKit/537.36 (KHTML, like Gecko) Chrome/83.0.4103.97 Safari/537.36"
::1 - - [20/Jun/2020:11:38:20 +0000] "GET /public/vendor/magnific-popup/jquery.magnific-popup.min.js HTTP/1.1" 304 - "http://localhost:3000/our_programs" "Mozilla/5.0 (Windows NT 10.0; Win64; x64) AppleWebKit/537.36 (KHTML, like Gecko) Chrome/83.0.4103.97 Safari/537.36"
::1 - - [20/Jun/2020:11:38:20 +0000] "GET /public/vendor/vivus/vivus.min.js HTTP/1.1" 304 - "http://localhost:3000/our_programs" "Mozilla/5.0 (Windows NT 10.0; Win64; x64) AppleWebKit/537.36 (KHTML, like Gecko) Chrome/83.0.4103.97 Safari/537.36"
::1 - - [20/Jun/2020:11:38:20 +0000] "GET /public/js/theme.js HTTP/1.1" 304 - "http://localhost:3000/our_programs" "Mozilla/5.0 (Windows NT 10.0; Win64; x64) AppleWebKit/537.36 (KHTML, like Gecko) Chrome/83.0.4103.97 Safari/537.36"
::1 - - [20/Jun/2020:11:38:20 +0000] "GET /public/vendor/rs-plugin/js/jquery.themepunch.tools.min.js HTTP/1.1" 304 - "http://localhost:3000/our_programs" "Mozilla/5.0 (Windows NT 10.0; Win64; x64) AppleWebKit/537.36 (KHTML, like Gecko) Chrome/83.0.4103.97 Safari/537.36"
::1 - - [20/Jun/2020:11:38:20 +0000] "GET /public/vendor/rs-plugin/js/jquery.themepunch.revolution.min.js HTTP/1.1" 304 - "http://localhost:3000/our_programs" "Mozilla/5.0 (Windows NT 10.0; Win64; x64) AppleWebKit/537.36 (KHTML, like Gecko) Chrome/83.0.4103.97 Safari/537.36"
::1 - - [20/Jun/2020:11:38:20 +0000] "GET /public/vendor/circle-flip-slideshow/js/jquery.flipshow.min.js HTTP/1.1" 304 - "http://localhost:3000/our_programs" "Mozilla/5.0 (Windows NT 10.0; Win64; x64) AppleWebKit/537.36 (KHTML, like Gecko) Chrome/83.0.4103.97 Safari/537.36"
::1 - - [20/Jun/2020:11:38:20 +0000] "GET /public/js/views/view.home.js HTTP/1.1" 304 - "http://localhost:3000/our_programs" "Mozilla/5.0 (Windows NT 10.0; Win64; x64) AppleWebKit/537.36 (KHTML, like Gecko) Chrome/83.0.4103.97 Safari/537.36"
::1 - - [20/Jun/2020:11:38:20 +0000] "GET /public/js/custom.js HTTP/1.1" 304 - "http://localhost:3000/our_programs" "Mozilla/5.0 (Windows NT 10.0; Win64; x64) AppleWebKit/537.36 (KHTML, like Gecko) Chrome/83.0.4103.97 Safari/537.36"
::1 - - [20/Jun/2020:11:38:20 +0000] "GET /public/js/theme.init.js HTTP/1.1" 304 - "http://localhost:3000/our_programs" "Mozilla/5.0 (Windows NT 10.0; Win64; x64) AppleWebKit/537.36 (KHTML, like Gecko) Chrome/83.0.4103.97 Safari/537.36"
::1 - - [20/Jun/2020:11:38:20 +0000] "GET /public/img/logo.png HTTP/1.1" 304 - "http://localhost:3000/our_programs" "Mozilla/5.0 (Windows NT 10.0; Win64; x64) AppleWebKit/537.36 (KHTML, like Gecko) Chrome/83.0.4103.97 Safari/537.36"
::1 - - [20/Jun/2020:11:38:20 +0000] "GET /public/img/background/program.jpg HTTP/1.1" 304 - "http://localhost:3000/our_programs" "Mozilla/5.0 (Windows NT 10.0; Win64; x64) AppleWebKit/537.36 (KHTML, like Gecko) Chrome/83.0.4103.97 Safari/537.36"
::1 - - [20/Jun/2020:11:38:20 +0000] "GET /public/vendor/fontawesome-free/webfonts/fa-solid-900.woff2 HTTP/1.1" 304 - "http://localhost:3000/public/vendor/fontawesome-free/css/all.min.css" "Mozilla/5.0 (Windows NT 10.0; Win64; x64) AppleWebKit/537.36 (KHTML, like Gecko) Chrome/83.0.4103.97 Safari/537.36"
::1 - - [20/Jun/2020:11:38:20 +0000] "GET /public/vendor/fontawesome-free/webfonts/fa-brands-400.woff2 HTTP/1.1" 304 - "http://localhost:3000/public/vendor/fontawesome-free/css/all.min.css" "Mozilla/5.0 (Windows NT 10.0; Win64; x64) AppleWebKit/537.36 (KHTML, like Gecko) Chrome/83.0.4103.97 Safari/537.36"
::1 - - [20/Jun/2020:11:38:21 +0000] "GET /public/img/favicon.png HTTP/1.1" 200 5909 "http://localhost:3000/our_programs" "Mozilla/5.0 (Windows NT 10.0; Win64; x64) AppleWebKit/537.36 (KHTML, like Gecko) Chrome/83.0.4103.97 Safari/537.36"
::1 - - [20/Jun/2020:11:41:48 +0000] "GET / HTTP/1.1" 304 - "-" "Mozilla/5.0 (Windows NT 10.0; Win64; x64) AppleWebKit/537.36 (KHTML, like Gecko) Chrome/83.0.4103.97 Safari/537.36"
::1 - - [20/Jun/2020:11:41:48 +0000] "GET /public/vendor/bootstrap/css/bootstrap.min.css HTTP/1.1" 304 - "http://localhost:3000/" "Mozilla/5.0 (Windows NT 10.0; Win64; x64) AppleWebKit/537.36 (KHTML, like Gecko) Chrome/83.0.4103.97 Safari/537.36"
::1 - - [20/Jun/2020:11:41:48 +0000] "GET /public/vendor/fontawesome-free/css/all.min.css HTTP/1.1" 304 - "http://localhost:3000/" "Mozilla/5.0 (Windows NT 10.0; Win64; x64) AppleWebKit/537.36 (KHTML, like Gecko) Chrome/83.0.4103.97 Safari/537.36"
::1 - - [20/Jun/2020:11:41:48 +0000] "GET /public/vendor/animate/animate.min.css HTTP/1.1" 304 - "http://localhost:3000/" "Mozilla/5.0 (Windows NT 10.0; Win64; x64) AppleWebKit/537.36 (KHTML, like Gecko) Chrome/83.0.4103.97 Safari/537.36"
::1 - - [20/Jun/2020:11:41:48 +0000] "GET /public/vendor/simple-line-icons/css/simple-line-icons.min.css HTTP/1.1" 304 - "http://localhost:3000/" "Mozilla/5.0 (Windows NT 10.0; Win64; x64) AppleWebKit/537.36 (KHTML, like Gecko) Chrome/83.0.4103.97 Safari/537.36"
::1 - - [20/Jun/2020:11:41:48 +0000] "GET /public/vendor/owl.carousel/assets/owl.carousel.min.css HTTP/1.1" 304 - "http://localhost:3000/" "Mozilla/5.0 (Windows NT 10.0; Win64; x64) AppleWebKit/537.36 (KHTML, like Gecko) Chrome/83.0.4103.97 Safari/537.36"
::1 - - [20/Jun/2020:11:41:48 +0000] "GET /public/vendor/owl.carousel/assets/owl.theme.default.min.css HTTP/1.1" 304 - "http://localhost:3000/" "Mozilla/5.0 (Windows NT 10.0; Win64; x64) AppleWebKit/537.36 (KHTML, like Gecko) Chrome/83.0.4103.97 Safari/537.36"
::1 - - [20/Jun/2020:11:41:48 +0000] "GET /public/vendor/magnific-popup/magnific-popup.min.css HTTP/1.1" 304 - "http://localhost:3000/" "Mozilla/5.0 (Windows NT 10.0; Win64; x64) AppleWebKit/537.36 (KHTML, like Gecko) Chrome/83.0.4103.97 Safari/537.36"
::1 - - [20/Jun/2020:11:41:48 +0000] "GET /public/css/theme.css HTTP/1.1" 304 - "http://localhost:3000/" "Mozilla/5.0 (Windows NT 10.0; Win64; x64) AppleWebKit/537.36 (KHTML, like Gecko) Chrome/83.0.4103.97 Safari/537.36"
::1 - - [20/Jun/2020:11:41:48 +0000] "GET /public/css/theme-elements.css HTTP/1.1" 304 - "http://localhost:3000/" "Mozilla/5.0 (Windows NT 10.0; Win64; x64) AppleWebKit/537.36 (KHTML, like Gecko) Chrome/83.0.4103.97 Safari/537.36"
::1 - - [20/Jun/2020:11:41:48 +0000] "GET /public/css/theme-blog.css HTTP/1.1" 304 - "http://localhost:3000/" "Mozilla/5.0 (Windows NT 10.0; Win64; x64) AppleWebKit/537.36 (KHTML, like Gecko) Chrome/83.0.4103.97 Safari/537.36"
::1 - - [20/Jun/2020:11:41:48 +0000] "GET /public/css/theme-shop.css HTTP/1.1" 304 - "http://localhost:3000/" "Mozilla/5.0 (Windows NT 10.0; Win64; x64) AppleWebKit/537.36 (KHTML, like Gecko) Chrome/83.0.4103.97 Safari/537.36"
::1 - - [20/Jun/2020:11:41:48 +0000] "GET /public/vendor/rs-plugin/css/settings.css HTTP/1.1" 304 - "http://localhost:3000/" "Mozilla/5.0 (Windows NT 10.0; Win64; x64) AppleWebKit/537.36 (KHTML, like Gecko) Chrome/83.0.4103.97 Safari/537.36"
::1 - - [20/Jun/2020:11:41:48 +0000] "GET /public/vendor/rs-plugin/css/layers.css HTTP/1.1" 304 - "http://localhost:3000/" "Mozilla/5.0 (Windows NT 10.0; Win64; x64) AppleWebKit/537.36 (KHTML, like Gecko) Chrome/83.0.4103.97 Safari/537.36"
::1 - - [20/Jun/2020:11:41:48 +0000] "GET /public/vendor/rs-plugin/css/navigation.css HTTP/1.1" 304 - "http://localhost:3000/" "Mozilla/5.0 (Windows NT 10.0; Win64; x64) AppleWebKit/537.36 (KHTML, like Gecko) Chrome/83.0.4103.97 Safari/537.36"
::1 - - [20/Jun/2020:11:41:48 +0000] "GET /public/vendor/circle-flip-slideshow/css/component.css HTTP/1.1" 304 - "http://localhost:3000/" "Mozilla/5.0 (Windows NT 10.0; Win64; x64) AppleWebKit/537.36 (KHTML, like Gecko) Chrome/83.0.4103.97 Safari/537.36"
::1 - - [20/Jun/2020:11:41:48 +0000] "GET /public/css/skins/default.css HTTP/1.1" 304 - "http://localhost:3000/" "Mozilla/5.0 (Windows NT 10.0; Win64; x64) AppleWebKit/537.36 (KHTML, like Gecko) Chrome/83.0.4103.97 Safari/537.36"
::1 - - [20/Jun/2020:11:41:48 +0000] "GET /public/css/custom.css HTTP/1.1" 304 - "http://localhost:3000/" "Mozilla/5.0 (Windows NT 10.0; Win64; x64) AppleWebKit/537.36 (KHTML, like Gecko) Chrome/83.0.4103.97 Safari/537.36"
::1 - - [20/Jun/2020:11:41:48 +0000] "GET /public/vendor/modernizr/modernizr.min.js HTTP/1.1" 304 - "http://localhost:3000/" "Mozilla/5.0 (Windows NT 10.0; Win64; x64) AppleWebKit/537.36 (KHTML, like Gecko) Chrome/83.0.4103.97 Safari/537.36"
::1 - - [20/Jun/2020:11:41:49 +0000] "GET /public/vendor/jquery/jquery.min.js HTTP/1.1" 304 - "http://localhost:3000/" "Mozilla/5.0 (Windows NT 10.0; Win64; x64) AppleWebKit/537.36 (KHTML, like Gecko) Chrome/83.0.4103.97 Safari/537.36"
::1 - - [20/Jun/2020:11:41:49 +0000] "GET /public/vendor/jquery.appear/jquery.appear.min.js HTTP/1.1" 304 - "http://localhost:3000/" "Mozilla/5.0 (Windows NT 10.0; Win64; x64) AppleWebKit/537.36 (KHTML, like Gecko) Chrome/83.0.4103.97 Safari/537.36"
::1 - - [20/Jun/2020:11:41:49 +0000] "GET /public/vendor/jquery.easing/jquery.easing.min.js HTTP/1.1" 304 - "http://localhost:3000/" "Mozilla/5.0 (Windows NT 10.0; Win64; x64) AppleWebKit/537.36 (KHTML, like Gecko) Chrome/83.0.4103.97 Safari/537.36"
::1 - - [20/Jun/2020:11:41:49 +0000] "GET /public/vendor/jquery.cookie/jquery.cookie.min.js HTTP/1.1" 304 - "http://localhost:3000/" "Mozilla/5.0 (Windows NT 10.0; Win64; x64) AppleWebKit/537.36 (KHTML, like Gecko) Chrome/83.0.4103.97 Safari/537.36"
::1 - - [20/Jun/2020:11:41:49 +0000] "GET /public/vendor/popper/umd/popper.min.js HTTP/1.1" 304 - "http://localhost:3000/" "Mozilla/5.0 (Windows NT 10.0; Win64; x64) AppleWebKit/537.36 (KHTML, like Gecko) Chrome/83.0.4103.97 Safari/537.36"
::1 - - [20/Jun/2020:11:41:49 +0000] "GET /public/vendor/bootstrap/js/bootstrap.min.js HTTP/1.1" 304 - "http://localhost:3000/" "Mozilla/5.0 (Windows NT 10.0; Win64; x64) AppleWebKit/537.36 (KHTML, like Gecko) Chrome/83.0.4103.97 Safari/537.36"
::1 - - [20/Jun/2020:11:41:49 +0000] "GET /public/vendor/common/common.min.js HTTP/1.1" 304 - "http://localhost:3000/" "Mozilla/5.0 (Windows NT 10.0; Win64; x64) AppleWebKit/537.36 (KHTML, like Gecko) Chrome/83.0.4103.97 Safari/537.36"
::1 - - [20/Jun/2020:11:41:49 +0000] "GET /public/vendor/jquery.validation/jquery.validate.min.js HTTP/1.1" 304 - "http://localhost:3000/" "Mozilla/5.0 (Windows NT 10.0; Win64; x64) AppleWebKit/537.36 (KHTML, like Gecko) Chrome/83.0.4103.97 Safari/537.36"
::1 - - [20/Jun/2020:11:41:49 +0000] "GET /public/vendor/jquery.easy-pie-chart/jquery.easypiechart.min.js HTTP/1.1" 304 - "http://localhost:3000/" "Mozilla/5.0 (Windows NT 10.0; Win64; x64) AppleWebKit/537.36 (KHTML, like Gecko) Chrome/83.0.4103.97 Safari/537.36"
::1 - - [20/Jun/2020:11:41:49 +0000] "GET /public/vendor/jquery.gmap/jquery.gmap.min.js HTTP/1.1" 304 - "http://localhost:3000/" "Mozilla/5.0 (Windows NT 10.0; Win64; x64) AppleWebKit/537.36 (KHTML, like Gecko) Chrome/83.0.4103.97 Safari/537.36"
::1 - - [20/Jun/2020:11:41:49 +0000] "GET /public/vendor/jquery.lazyload/jquery.lazyload.min.js HTTP/1.1" 304 - "http://localhost:3000/" "Mozilla/5.0 (Windows NT 10.0; Win64; x64) AppleWebKit/537.36 (KHTML, like Gecko) Chrome/83.0.4103.97 Safari/537.36"
::1 - - [20/Jun/2020:11:41:49 +0000] "GET /public/vendor/isotope/jquery.isotope.min.js HTTP/1.1" 304 - "http://localhost:3000/" "Mozilla/5.0 (Windows NT 10.0; Win64; x64) AppleWebKit/537.36 (KHTML, like Gecko) Chrome/83.0.4103.97 Safari/537.36"
::1 - - [20/Jun/2020:11:41:49 +0000] "GET /public/vendor/owl.carousel/owl.carousel.min.js HTTP/1.1" 304 - "http://localhost:3000/" "Mozilla/5.0 (Windows NT 10.0; Win64; x64) AppleWebKit/537.36 (KHTML, like Gecko) Chrome/83.0.4103.97 Safari/537.36"
::1 - - [20/Jun/2020:11:41:49 +0000] "GET /public/vendor/magnific-popup/jquery.magnific-popup.min.js HTTP/1.1" 304 - "http://localhost:3000/" "Mozilla/5.0 (Windows NT 10.0; Win64; x64) AppleWebKit/537.36 (KHTML, like Gecko) Chrome/83.0.4103.97 Safari/537.36"
::1 - - [20/Jun/2020:11:41:49 +0000] "GET /public/vendor/vide/jquery.vide.min.js HTTP/1.1" 304 - "http://localhost:3000/" "Mozilla/5.0 (Windows NT 10.0; Win64; x64) AppleWebKit/537.36 (KHTML, like Gecko) Chrome/83.0.4103.97 Safari/537.36"
::1 - - [20/Jun/2020:11:41:49 +0000] "GET /public/vendor/vivus/vivus.min.js HTTP/1.1" 304 - "http://localhost:3000/" "Mozilla/5.0 (Windows NT 10.0; Win64; x64) AppleWebKit/537.36 (KHTML, like Gecko) Chrome/83.0.4103.97 Safari/537.36"
::1 - - [20/Jun/2020:11:41:49 +0000] "GET /public/js/theme.js HTTP/1.1" 304 - "http://localhost:3000/" "Mozilla/5.0 (Windows NT 10.0; Win64; x64) AppleWebKit/537.36 (KHTML, like Gecko) Chrome/83.0.4103.97 Safari/537.36"
::1 - - [20/Jun/2020:11:41:49 +0000] "GET /public/vendor/rs-plugin/js/jquery.themepunch.tools.min.js HTTP/1.1" 304 - "http://localhost:3000/" "Mozilla/5.0 (Windows NT 10.0; Win64; x64) AppleWebKit/537.36 (KHTML, like Gecko) Chrome/83.0.4103.97 Safari/537.36"
::1 - - [20/Jun/2020:11:41:49 +0000] "GET /public/vendor/rs-plugin/js/jquery.themepunch.revolution.min.js HTTP/1.1" 304 - "http://localhost:3000/" "Mozilla/5.0 (Windows NT 10.0; Win64; x64) AppleWebKit/537.36 (KHTML, like Gecko) Chrome/83.0.4103.97 Safari/537.36"
::1 - - [20/Jun/2020:11:41:49 +0000] "GET /public/vendor/circle-flip-slideshow/js/jquery.flipshow.min.js HTTP/1.1" 304 - "http://localhost:3000/" "Mozilla/5.0 (Windows NT 10.0; Win64; x64) AppleWebKit/537.36 (KHTML, like Gecko) Chrome/83.0.4103.97 Safari/537.36"
::1 - - [20/Jun/2020:11:41:49 +0000] "GET /public/js/views/view.home.js HTTP/1.1" 304 - "http://localhost:3000/" "Mozilla/5.0 (Windows NT 10.0; Win64; x64) AppleWebKit/537.36 (KHTML, like Gecko) Chrome/83.0.4103.97 Safari/537.36"
::1 - - [20/Jun/2020:11:41:49 +0000] "GET /public/js/custom.js HTTP/1.1" 304 - "http://localhost:3000/" "Mozilla/5.0 (Windows NT 10.0; Win64; x64) AppleWebKit/537.36 (KHTML, like Gecko) Chrome/83.0.4103.97 Safari/537.36"
::1 - - [20/Jun/2020:11:41:49 +0000] "GET /public/js/theme.init.js HTTP/1.1" 304 - "http://localhost:3000/" "Mozilla/5.0 (Windows NT 10.0; Win64; x64) AppleWebKit/537.36 (KHTML, like Gecko) Chrome/83.0.4103.97 Safari/537.36"
::1 - - [20/Jun/2020:11:41:49 +0000] "GET /public/img/logo.png HTTP/1.1" 304 - "http://localhost:3000/" "Mozilla/5.0 (Windows NT 10.0; Win64; x64) AppleWebKit/537.36 (KHTML, like Gecko) Chrome/83.0.4103.97 Safari/537.36"
::1 - - [20/Jun/2020:11:41:49 +0000] "GET /public/img/home/slide4.jpg HTTP/1.1" 304 - "http://localhost:3000/" "Mozilla/5.0 (Windows NT 10.0; Win64; x64) AppleWebKit/537.36 (KHTML, like Gecko) Chrome/83.0.4103.97 Safari/537.36"
::1 - - [20/Jun/2020:11:41:49 +0000] "GET /public/img/home/slide5.webp HTTP/1.1" 304 - "http://localhost:3000/" "Mozilla/5.0 (Windows NT 10.0; Win64; x64) AppleWebKit/537.36 (KHTML, like Gecko) Chrome/83.0.4103.97 Safari/537.36"
::1 - - [20/Jun/2020:11:41:49 +0000] "GET /public/img/home/slide7.jpg HTTP/1.1" 304 - "http://localhost:3000/" "Mozilla/5.0 (Windows NT 10.0; Win64; x64) AppleWebKit/537.36 (KHTML, like Gecko) Chrome/83.0.4103.97 Safari/537.36"
::1 - - [20/Jun/2020:11:41:49 +0000] "GET /public/img/home/slide8.jpg HTTP/1.1" 304 - "http://localhost:3000/" "Mozilla/5.0 (Windows NT 10.0; Win64; x64) AppleWebKit/537.36 (KHTML, like Gecko) Chrome/83.0.4103.97 Safari/537.36"
::1 - - [20/Jun/2020:11:41:49 +0000] "GET /public/img/home/gal1.webp HTTP/1.1" 304 - "http://localhost:3000/" "Mozilla/5.0 (Windows NT 10.0; Win64; x64) AppleWebKit/537.36 (KHTML, like Gecko) Chrome/83.0.4103.97 Safari/537.36"
::1 - - [20/Jun/2020:11:41:49 +0000] "GET /public/img/home/gal5.jpg HTTP/1.1" 304 - "http://localhost:3000/" "Mozilla/5.0 (Windows NT 10.0; Win64; x64) AppleWebKit/537.36 (KHTML, like Gecko) Chrome/83.0.4103.97 Safari/537.36"
::1 - - [20/Jun/2020:11:41:49 +0000] "GET /public/img/home/gal4.webp HTTP/1.1" 304 - "http://localhost:3000/" "Mozilla/5.0 (Windows NT 10.0; Win64; x64) AppleWebKit/537.36 (KHTML, like Gecko) Chrome/83.0.4103.97 Safari/537.36"
::1 - - [20/Jun/2020:11:41:49 +0000] "GET /public/img/home/gal2.webp HTTP/1.1" 304 - "http://localhost:3000/" "Mozilla/5.0 (Windows NT 10.0; Win64; x64) AppleWebKit/537.36 (KHTML, like Gecko) Chrome/83.0.4103.97 Safari/537.36"
::1 - - [20/Jun/2020:11:41:49 +0000] "GET /public/img/home/gal3.webp HTTP/1.1" 304 - "http://localhost:3000/" "Mozilla/5.0 (Windows NT 10.0; Win64; x64) AppleWebKit/537.36 (KHTML, like Gecko) Chrome/83.0.4103.97 Safari/537.36"
::1 - - [20/Jun/2020:11:41:49 +0000] "GET /public/img/other/campus.jpg HTTP/1.1" 304 - "http://localhost:3000/" "Mozilla/5.0 (Windows NT 10.0; Win64; x64) AppleWebKit/537.36 (KHTML, like Gecko) Chrome/83.0.4103.97 Safari/537.36"
::1 - - [20/Jun/2020:11:41:49 +0000] "GET /public/img/other/dare_skills.jpg HTTP/1.1" 304 - "http://localhost:3000/" "Mozilla/5.0 (Windows NT 10.0; Win64; x64) AppleWebKit/537.36 (KHTML, like Gecko) Chrome/83.0.4103.97 Safari/537.36"
::1 - - [20/Jun/2020:11:41:49 +0000] "GET /public/img/other/faculty.jpg HTTP/1.1" 304 - "http://localhost:3000/" "Mozilla/5.0 (Windows NT 10.0; Win64; x64) AppleWebKit/537.36 (KHTML, like Gecko) Chrome/83.0.4103.97 Safari/537.36"
::1 - - [20/Jun/2020:11:41:49 +0000] "GET /public/img/other/other_skills.jpg HTTP/1.1" 304 - "http://localhost:3000/" "Mozilla/5.0 (Windows NT 10.0; Win64; x64) AppleWebKit/537.36 (KHTML, like Gecko) Chrome/83.0.4103.97 Safari/537.36"
::1 - - [20/Jun/2020:11:41:49 +0000] "GET /public/img/other/pedelogy.jpg HTTP/1.1" 304 - "http://localhost:3000/" "Mozilla/5.0 (Windows NT 10.0; Win64; x64) AppleWebKit/537.36 (KHTML, like Gecko) Chrome/83.0.4103.97 Safari/537.36"
::1 - - [20/Jun/2020:11:41:49 +0000] "GET /public/img/other/it_skills.jpg HTTP/1.1" 304 - "http://localhost:3000/" "Mozilla/5.0 (Windows NT 10.0; Win64; x64) AppleWebKit/537.36 (KHTML, like Gecko) Chrome/83.0.4103.97 Safari/537.36"
::1 - - [20/Jun/2020:11:41:49 +0000] "GET /public/img/other/soft_skills.jpg HTTP/1.1" 304 - "http://localhost:3000/" "Mozilla/5.0 (Windows NT 10.0; Win64; x64) AppleWebKit/537.36 (KHTML, like Gecko) Chrome/83.0.4103.97 Safari/537.36"
::1 - - [20/Jun/2020:11:41:50 +0000] "GET /public/vendor/fontawesome-free/webfonts/fa-solid-900.woff2 HTTP/1.1" 304 - "http://localhost:3000/public/vendor/fontawesome-free/css/all.min.css" "Mozilla/5.0 (Windows NT 10.0; Win64; x64) AppleWebKit/537.36 (KHTML, like Gecko) Chrome/83.0.4103.97 Safari/537.36"
::1 - - [20/Jun/2020:11:41:50 +0000] "GET /public/vendor/fontawesome-free/webfonts/fa-brands-400.woff2 HTTP/1.1" 304 - "http://localhost:3000/public/vendor/fontawesome-free/css/all.min.css" "Mozilla/5.0 (Windows NT 10.0; Win64; x64) AppleWebKit/537.36 (KHTML, like Gecko) Chrome/83.0.4103.97 Safari/537.36"
::1 - - [20/Jun/2020:11:41:50 +0000] "GET /public/vendor/fontawesome-free/webfonts/fa-regular-400.woff2 HTTP/1.1" 304 - "http://localhost:3000/public/vendor/fontawesome-free/css/all.min.css" "Mozilla/5.0 (Windows NT 10.0; Win64; x64) AppleWebKit/537.36 (KHTML, like Gecko) Chrome/83.0.4103.97 Safari/537.36"
::1 - - [20/Jun/2020:11:41:52 +0000] "GET /public/vendor/rs-plugin/fonts/revicons/revicons.woff?5510888 HTTP/1.1" 304 - "http://localhost:3000/public/vendor/rs-plugin/css/settings.css" "Mozilla/5.0 (Windows NT 10.0; Win64; x64) AppleWebKit/537.36 (KHTML, like Gecko) Chrome/83.0.4103.97 Safari/537.36"
::1 - - [20/Jun/2020:11:42:44 +0000] "GET / HTTP/1.1" 200 - "-" "Mozilla/5.0 (Windows NT 10.0; Win64; x64) AppleWebKit/537.36 (KHTML, like Gecko) Chrome/83.0.4103.97 Safari/537.36"
::1 - - [20/Jun/2020:11:42:44 +0000] "GET /public/vendor/animate/animate.min.css HTTP/1.1" 200 - "http://localhost:3001/" "Mozilla/5.0 (Windows NT 10.0; Win64; x64) AppleWebKit/537.36 (KHTML, like Gecko) Chrome/83.0.4103.97 Safari/537.36"
::1 - - [20/Jun/2020:11:42:44 +0000] "GET /public/vendor/fontawesome-free/css/all.min.css HTTP/1.1" 200 - "http://localhost:3001/" "Mozilla/5.0 (Windows NT 10.0; Win64; x64) AppleWebKit/537.36 (KHTML, like Gecko) Chrome/83.0.4103.97 Safari/537.36"
::1 - - [20/Jun/2020:11:42:44 +0000] "GET /public/vendor/owl.carousel/assets/owl.carousel.min.css HTTP/1.1" 200 - "http://localhost:3001/" "Mozilla/5.0 (Windows NT 10.0; Win64; x64) AppleWebKit/537.36 (KHTML, like Gecko) Chrome/83.0.4103.97 Safari/537.36"
::1 - - [20/Jun/2020:11:42:44 +0000] "GET /public/vendor/simple-line-icons/css/simple-line-icons.min.css HTTP/1.1" 200 - "http://localhost:3001/" "Mozilla/5.0 (Windows NT 10.0; Win64; x64) AppleWebKit/537.36 (KHTML, like Gecko) Chrome/83.0.4103.97 Safari/537.36"
::1 - - [20/Jun/2020:11:42:44 +0000] "GET /public/vendor/bootstrap/css/bootstrap.min.css HTTP/1.1" 200 - "http://localhost:3001/" "Mozilla/5.0 (Windows NT 10.0; Win64; x64) AppleWebKit/537.36 (KHTML, like Gecko) Chrome/83.0.4103.97 Safari/537.36"
::1 - - [20/Jun/2020:11:42:44 +0000] "GET /public/vendor/owl.carousel/assets/owl.theme.default.min.css HTTP/1.1" 200 1018 "http://localhost:3001/" "Mozilla/5.0 (Windows NT 10.0; Win64; x64) AppleWebKit/537.36 (KHTML, like Gecko) Chrome/83.0.4103.97 Safari/537.36"
::1 - - [20/Jun/2020:11:42:44 +0000] "GET /public/vendor/magnific-popup/magnific-popup.min.css HTTP/1.1" 200 - "http://localhost:3001/" "Mozilla/5.0 (Windows NT 10.0; Win64; x64) AppleWebKit/537.36 (KHTML, like Gecko) Chrome/83.0.4103.97 Safari/537.36"
::1 - - [20/Jun/2020:11:42:44 +0000] "GET /public/css/theme-blog.css HTTP/1.1" 200 - "http://localhost:3001/" "Mozilla/5.0 (Windows NT 10.0; Win64; x64) AppleWebKit/537.36 (KHTML, like Gecko) Chrome/83.0.4103.97 Safari/537.36"
::1 - - [20/Jun/2020:11:42:44 +0000] "GET /public/css/theme-shop.css HTTP/1.1" 200 - "http://localhost:3001/" "Mozilla/5.0 (Windows NT 10.0; Win64; x64) AppleWebKit/537.36 (KHTML, like Gecko) Chrome/83.0.4103.97 Safari/537.36"
::1 - - [20/Jun/2020:11:42:44 +0000] "GET /public/vendor/rs-plugin/css/settings.css HTTP/1.1" 200 - "http://localhost:3001/" "Mozilla/5.0 (Windows NT 10.0; Win64; x64) AppleWebKit/537.36 (KHTML, like Gecko) Chrome/83.0.4103.97 Safari/537.36"
::1 - - [20/Jun/2020:11:42:44 +0000] "GET /public/vendor/rs-plugin/css/layers.css HTTP/1.1" 200 - "http://localhost:3001/" "Mozilla/5.0 (Windows NT 10.0; Win64; x64) AppleWebKit/537.36 (KHTML, like Gecko) Chrome/83.0.4103.97 Safari/537.36"
::1 - - [20/Jun/2020:11:42:44 +0000] "GET /public/css/theme.css HTTP/1.1" 200 - "http://localhost:3001/" "Mozilla/5.0 (Windows NT 10.0; Win64; x64) AppleWebKit/537.36 (KHTML, like Gecko) Chrome/83.0.4103.97 Safari/537.36"
::1 - - [20/Jun/2020:11:42:45 +0000] "GET /public/vendor/circle-flip-slideshow/css/component.css HTTP/1.1" 200 - "http://localhost:3001/" "Mozilla/5.0 (Windows NT 10.0; Win64; x64) AppleWebKit/537.36 (KHTML, like Gecko) Chrome/83.0.4103.97 Safari/537.36"
::1 - - [20/Jun/2020:11:42:45 +0000] "GET /public/vendor/rs-plugin/css/navigation.css HTTP/1.1" 200 - "http://localhost:3001/" "Mozilla/5.0 (Windows NT 10.0; Win64; x64) AppleWebKit/537.36 (KHTML, like Gecko) Chrome/83.0.4103.97 Safari/537.36"
::1 - - [20/Jun/2020:11:42:45 +0000] "GET /public/css/custom.css HTTP/1.1" 200 44 "http://localhost:3001/" "Mozilla/5.0 (Windows NT 10.0; Win64; x64) AppleWebKit/537.36 (KHTML, like Gecko) Chrome/83.0.4103.97 Safari/537.36"
::1 - - [20/Jun/2020:11:42:45 +0000] "GET /public/vendor/modernizr/modernizr.min.js HTTP/1.1" 200 - "http://localhost:3001/" "Mozilla/5.0 (Windows NT 10.0; Win64; x64) AppleWebKit/537.36 (KHTML, like Gecko) Chrome/83.0.4103.97 Safari/537.36"
::1 - - [20/Jun/2020:11:42:45 +0000] "GET /public/css/theme-elements.css HTTP/1.1" 200 - "http://localhost:3001/" "Mozilla/5.0 (Windows NT 10.0; Win64; x64) AppleWebKit/537.36 (KHTML, like Gecko) Chrome/83.0.4103.97 Safari/537.36"
::1 - - [20/Jun/2020:11:42:45 +0000] "GET /public/css/skins/default.css HTTP/1.1" 200 - "http://localhost:3001/" "Mozilla/5.0 (Windows NT 10.0; Win64; x64) AppleWebKit/537.36 (KHTML, like Gecko) Chrome/83.0.4103.97 Safari/537.36"
::1 - - [20/Jun/2020:11:42:45 +0000] "GET /public/vendor/jquery/jquery.min.js HTTP/1.1" 200 - "http://localhost:3001/" "Mozilla/5.0 (Windows NT 10.0; Win64; x64) AppleWebKit/537.36 (KHTML, like Gecko) Chrome/83.0.4103.97 Safari/537.36"
::1 - - [20/Jun/2020:11:42:45 +0000] "GET /public/vendor/jquery.appear/jquery.appear.min.js HTTP/1.1" 200 - "http://localhost:3001/" "Mozilla/5.0 (Windows NT 10.0; Win64; x64) AppleWebKit/537.36 (KHTML, like Gecko) Chrome/83.0.4103.97 Safari/537.36"
::1 - - [20/Jun/2020:11:42:45 +0000] "GET /public/vendor/jquery.easing/jquery.easing.min.js HTTP/1.1" 200 - "http://localhost:3001/" "Mozilla/5.0 (Windows NT 10.0; Win64; x64) AppleWebKit/537.36 (KHTML, like Gecko) Chrome/83.0.4103.97 Safari/537.36"
::1 - - [20/Jun/2020:11:42:45 +0000] "GET /public/vendor/jquery.cookie/jquery.cookie.min.js HTTP/1.1" 200 - "http://localhost:3001/" "Mozilla/5.0 (Windows NT 10.0; Win64; x64) AppleWebKit/537.36 (KHTML, like Gecko) Chrome/83.0.4103.97 Safari/537.36"
::1 - - [20/Jun/2020:11:42:45 +0000] "GET /public/vendor/popper/umd/popper.min.js HTTP/1.1" 200 - "http://localhost:3001/" "Mozilla/5.0 (Windows NT 10.0; Win64; x64) AppleWebKit/537.36 (KHTML, like Gecko) Chrome/83.0.4103.97 Safari/537.36"
::1 - - [20/Jun/2020:11:42:45 +0000] "GET /public/vendor/bootstrap/js/bootstrap.min.js HTTP/1.1" 200 - "http://localhost:3001/" "Mozilla/5.0 (Windows NT 10.0; Win64; x64) AppleWebKit/537.36 (KHTML, like Gecko) Chrome/83.0.4103.97 Safari/537.36"
::1 - - [20/Jun/2020:11:42:45 +0000] "GET /public/vendor/jquery.validation/jquery.validate.min.js HTTP/1.1" 200 - "http://localhost:3001/" "Mozilla/5.0 (Windows NT 10.0; Win64; x64) AppleWebKit/537.36 (KHTML, like Gecko) Chrome/83.0.4103.97 Safari/537.36"
::1 - - [20/Jun/2020:11:42:45 +0000] "GET /public/vendor/common/common.min.js HTTP/1.1" 200 - "http://localhost:3001/" "Mozilla/5.0 (Windows NT 10.0; Win64; x64) AppleWebKit/537.36 (KHTML, like Gecko) Chrome/83.0.4103.97 Safari/537.36"
::1 - - [20/Jun/2020:11:42:45 +0000] "GET /public/vendor/jquery.easy-pie-chart/jquery.easypiechart.min.js HTTP/1.1" 200 - "http://localhost:3001/" "Mozilla/5.0 (Windows NT 10.0; Win64; x64) AppleWebKit/537.36 (KHTML, like Gecko) Chrome/83.0.4103.97 Safari/537.36"
::1 - - [20/Jun/2020:11:42:45 +0000] "GET /public/vendor/jquery.gmap/jquery.gmap.min.js HTTP/1.1" 200 - "http://localhost:3001/" "Mozilla/5.0 (Windows NT 10.0; Win64; x64) AppleWebKit/537.36 (KHTML, like Gecko) Chrome/83.0.4103.97 Safari/537.36"
::1 - - [20/Jun/2020:11:42:45 +0000] "GET /public/vendor/jquery.lazyload/jquery.lazyload.min.js HTTP/1.1" 200 - "http://localhost:3001/" "Mozilla/5.0 (Windows NT 10.0; Win64; x64) AppleWebKit/537.36 (KHTML, like Gecko) Chrome/83.0.4103.97 Safari/537.36"
::1 - - [20/Jun/2020:11:42:45 +0000] "GET /public/vendor/isotope/jquery.isotope.min.js HTTP/1.1" 200 - "http://localhost:3001/" "Mozilla/5.0 (Windows NT 10.0; Win64; x64) AppleWebKit/537.36 (KHTML, like Gecko) Chrome/83.0.4103.97 Safari/537.36"
::1 - - [20/Jun/2020:11:42:45 +0000] "GET /public/vendor/magnific-popup/jquery.magnific-popup.min.js HTTP/1.1" 200 - "http://localhost:3001/" "Mozilla/5.0 (Windows NT 10.0; Win64; x64) AppleWebKit/537.36 (KHTML, like Gecko) Chrome/83.0.4103.97 Safari/537.36"
::1 - - [20/Jun/2020:11:42:45 +0000] "GET /public/vendor/owl.carousel/owl.carousel.min.js HTTP/1.1" 200 - "http://localhost:3001/" "Mozilla/5.0 (Windows NT 10.0; Win64; x64) AppleWebKit/537.36 (KHTML, like Gecko) Chrome/83.0.4103.97 Safari/537.36"
::1 - - [20/Jun/2020:11:42:45 +0000] "GET /public/vendor/vide/jquery.vide.min.js HTTP/1.1" 200 - "http://localhost:3001/" "Mozilla/5.0 (Windows NT 10.0; Win64; x64) AppleWebKit/537.36 (KHTML, like Gecko) Chrome/83.0.4103.97 Safari/537.36"
::1 - - [20/Jun/2020:11:42:45 +0000] "GET /public/vendor/vivus/vivus.min.js HTTP/1.1" 200 - "http://localhost:3001/" "Mozilla/5.0 (Windows NT 10.0; Win64; x64) AppleWebKit/537.36 (KHTML, like Gecko) Chrome/83.0.4103.97 Safari/537.36"
::1 - - [20/Jun/2020:11:42:45 +0000] "GET /public/vendor/circle-flip-slideshow/js/jquery.flipshow.min.js HTTP/1.1" 200 - "http://localhost:3001/" "Mozilla/5.0 (Windows NT 10.0; Win64; x64) AppleWebKit/537.36 (KHTML, like Gecko) Chrome/83.0.4103.97 Safari/537.36"
::1 - - [20/Jun/2020:11:42:45 +0000] "GET /public/js/theme.js HTTP/1.1" 200 - "http://localhost:3001/" "Mozilla/5.0 (Windows NT 10.0; Win64; x64) AppleWebKit/537.36 (KHTML, like Gecko) Chrome/83.0.4103.97 Safari/537.36"
::1 - - [20/Jun/2020:11:42:45 +0000] "GET /public/vendor/rs-plugin/js/jquery.themepunch.tools.min.js HTTP/1.1" 200 - "http://localhost:3001/" "Mozilla/5.0 (Windows NT 10.0; Win64; x64) AppleWebKit/537.36 (KHTML, like Gecko) Chrome/83.0.4103.97 Safari/537.36"
::1 - - [20/Jun/2020:11:42:45 +0000] "GET /public/js/views/view.home.js HTTP/1.1" 200 - "http://localhost:3001/" "Mozilla/5.0 (Windows NT 10.0; Win64; x64) AppleWebKit/537.36 (KHTML, like Gecko) Chrome/83.0.4103.97 Safari/537.36"
::1 - - [20/Jun/2020:11:42:45 +0000] "GET /public/vendor/rs-plugin/js/jquery.themepunch.revolution.min.js HTTP/1.1" 200 - "http://localhost:3001/" "Mozilla/5.0 (Windows NT 10.0; Win64; x64) AppleWebKit/537.36 (KHTML, like Gecko) Chrome/83.0.4103.97 Safari/537.36"
::1 - - [20/Jun/2020:11:42:45 +0000] "GET /public/js/custom.js HTTP/1.1" 200 - "http://localhost:3001/" "Mozilla/5.0 (Windows NT 10.0; Win64; x64) AppleWebKit/537.36 (KHTML, like Gecko) Chrome/83.0.4103.97 Safari/537.36"
::1 - - [20/Jun/2020:11:42:45 +0000] "GET /public/js/theme.init.js HTTP/1.1" 200 - "http://localhost:3001/" "Mozilla/5.0 (Windows NT 10.0; Win64; x64) AppleWebKit/537.36 (KHTML, like Gecko) Chrome/83.0.4103.97 Safari/537.36"
::1 - - [20/Jun/2020:11:42:45 +0000] "GET /public/img/logo.png HTTP/1.1" 200 68794 "http://localhost:3001/" "Mozilla/5.0 (Windows NT 10.0; Win64; x64) AppleWebKit/537.36 (KHTML, like Gecko) Chrome/83.0.4103.97 Safari/537.36"
::1 - - [20/Jun/2020:11:42:45 +0000] "GET /public/img/home/slide5.webp HTTP/1.1" 200 58996 "http://localhost:3001/" "Mozilla/5.0 (Windows NT 10.0; Win64; x64) AppleWebKit/537.36 (KHTML, like Gecko) Chrome/83.0.4103.97 Safari/537.36"
::1 - - [20/Jun/2020:11:42:45 +0000] "GET /public/img/home/slide4.jpg HTTP/1.1" 200 133316 "http://localhost:3001/" "Mozilla/5.0 (Windows NT 10.0; Win64; x64) AppleWebKit/537.36 (KHTML, like Gecko) Chrome/83.0.4103.97 Safari/537.36"
::1 - - [20/Jun/2020:11:42:45 +0000] "GET /public/img/home/slide7.jpg HTTP/1.1" 200 79728 "http://localhost:3001/" "Mozilla/5.0 (Windows NT 10.0; Win64; x64) AppleWebKit/537.36 (KHTML, like Gecko) Chrome/83.0.4103.97 Safari/537.36"
::1 - - [20/Jun/2020:11:42:45 +0000] "GET /public/img/home/gal1.webp HTTP/1.1" 200 58996 "http://localhost:3001/" "Mozilla/5.0 (Windows NT 10.0; Win64; x64) AppleWebKit/537.36 (KHTML, like Gecko) Chrome/83.0.4103.97 Safari/537.36"
::1 - - [20/Jun/2020:11:42:45 +0000] "GET /public/img/home/slide8.jpg HTTP/1.1" 200 66401 "http://localhost:3001/" "Mozilla/5.0 (Windows NT 10.0; Win64; x64) AppleWebKit/537.36 (KHTML, like Gecko) Chrome/83.0.4103.97 Safari/537.36"
::1 - - [20/Jun/2020:11:42:45 +0000] "GET /public/img/home/gal5.jpg HTTP/1.1" 200 123449 "http://localhost:3001/" "Mozilla/5.0 (Windows NT 10.0; Win64; x64) AppleWebKit/537.36 (KHTML, like Gecko) Chrome/83.0.4103.97 Safari/537.36"
::1 - - [20/Jun/2020:11:42:45 +0000] "GET /public/img/home/gal4.webp HTTP/1.1" 200 78702 "http://localhost:3001/" "Mozilla/5.0 (Windows NT 10.0; Win64; x64) AppleWebKit/537.36 (KHTML, like Gecko) Chrome/83.0.4103.97 Safari/537.36"
::1 - - [20/Jun/2020:11:42:45 +0000] "GET /public/img/home/gal2.webp HTTP/1.1" 200 78894 "http://localhost:3001/" "Mozilla/5.0 (Windows NT 10.0; Win64; x64) AppleWebKit/537.36 (KHTML, like Gecko) Chrome/83.0.4103.97 Safari/537.36"
::1 - - [20/Jun/2020:11:42:45 +0000] "GET /public/img/home/gal3.webp HTTP/1.1" 200 76160 "http://localhost:3001/" "Mozilla/5.0 (Windows NT 10.0; Win64; x64) AppleWebKit/537.36 (KHTML, like Gecko) Chrome/83.0.4103.97 Safari/537.36"
::1 - - [20/Jun/2020:11:42:45 +0000] "GET /public/img/other/campus.jpg HTTP/1.1" 200 33730 "http://localhost:3001/" "Mozilla/5.0 (Windows NT 10.0; Win64; x64) AppleWebKit/537.36 (KHTML, like Gecko) Chrome/83.0.4103.97 Safari/537.36"
::1 - - [20/Jun/2020:11:42:45 +0000] "GET /public/img/other/dare_skills.jpg HTTP/1.1" 200 83128 "http://localhost:3001/" "Mozilla/5.0 (Windows NT 10.0; Win64; x64) AppleWebKit/537.36 (KHTML, like Gecko) Chrome/83.0.4103.97 Safari/537.36"
::1 - - [20/Jun/2020:11:42:45 +0000] "GET /public/img/other/faculty.jpg HTTP/1.1" 200 18967 "http://localhost:3001/" "Mozilla/5.0 (Windows NT 10.0; Win64; x64) AppleWebKit/537.36 (KHTML, like Gecko) Chrome/83.0.4103.97 Safari/537.36"
::1 - - [20/Jun/2020:11:42:45 +0000] "GET /public/img/other/other_skills.jpg HTTP/1.1" 200 38039 "http://localhost:3001/" "Mozilla/5.0 (Windows NT 10.0; Win64; x64) AppleWebKit/537.36 (KHTML, like Gecko) Chrome/83.0.4103.97 Safari/537.36"
::1 - - [20/Jun/2020:11:42:45 +0000] "GET /public/img/other/pedelogy.jpg HTTP/1.1" 200 43510 "http://localhost:3001/" "Mozilla/5.0 (Windows NT 10.0; Win64; x64) AppleWebKit/537.36 (KHTML, like Gecko) Chrome/83.0.4103.97 Safari/537.36"
::1 - - [20/Jun/2020:11:42:45 +0000] "GET /public/img/other/it_skills.jpg HTTP/1.1" 200 21270 "http://localhost:3001/" "Mozilla/5.0 (Windows NT 10.0; Win64; x64) AppleWebKit/537.36 (KHTML, like Gecko) Chrome/83.0.4103.97 Safari/537.36"
::1 - - [20/Jun/2020:11:42:45 +0000] "GET /public/img/other/soft_skills.jpg HTTP/1.1" 200 19416 "http://localhost:3001/" "Mozilla/5.0 (Windows NT 10.0; Win64; x64) AppleWebKit/537.36 (KHTML, like Gecko) Chrome/83.0.4103.97 Safari/537.36"
::1 - - [20/Jun/2020:11:42:46 +0000] "GET /public/vendor/fontawesome-free/webfonts/fa-solid-900.woff2 HTTP/1.1" 200 75728 "http://localhost:3001/public/vendor/fontawesome-free/css/all.min.css" "Mozilla/5.0 (Windows NT 10.0; Win64; x64) AppleWebKit/537.36 (KHTML, like Gecko) Chrome/83.0.4103.97 Safari/537.36"
::1 - - [20/Jun/2020:11:42:46 +0000] "GET /public/vendor/fontawesome-free/webfonts/fa-brands-400.woff2 HTTP/1.1" 200 75336 "http://localhost:3001/public/vendor/fontawesome-free/css/all.min.css" "Mozilla/5.0 (Windows NT 10.0; Win64; x64) AppleWebKit/537.36 (KHTML, like Gecko) Chrome/83.0.4103.97 Safari/537.36"
::1 - - [20/Jun/2020:11:42:46 +0000] "GET /public/vendor/fontawesome-free/webfonts/fa-regular-400.woff2 HTTP/1.1" 200 13584 "http://localhost:3001/public/vendor/fontawesome-free/css/all.min.css" "Mozilla/5.0 (Windows NT 10.0; Win64; x64) AppleWebKit/537.36 (KHTML, like Gecko) Chrome/83.0.4103.97 Safari/537.36"
::1 - - [20/Jun/2020:11:42:47 +0000] "GET /public/vendor/rs-plugin/fonts/revicons/revicons.woff?5510888 HTTP/1.1" 200 7536 "http://localhost:3001/public/vendor/rs-plugin/css/settings.css" "Mozilla/5.0 (Windows NT 10.0; Win64; x64) AppleWebKit/537.36 (KHTML, like Gecko) Chrome/83.0.4103.97 Safari/537.36"
::1 - - [20/Jun/2020:11:42:47 +0000] "GET /public/img/favicon.png HTTP/1.1" 200 5909 "http://localhost:3001/" "Mozilla/5.0 (Windows NT 10.0; Win64; x64) AppleWebKit/537.36 (KHTML, like Gecko) Chrome/83.0.4103.97 Safari/537.36"
